[2014-05-30 15:06:36,122]  INFO {org.wso2.carbon.server.util.PatchUtils} -  Checking for patch changes ...
[2014-05-30 15:06:36,123]  INFO {org.wso2.carbon.server.util.PatchUtils} -  New patch available - patch0001
[2014-05-30 15:06:36,123]  INFO {org.wso2.carbon.server.extensions.PatchInstaller} -  Patch changes detected 
[2014-05-30 15:06:36,667]  INFO {org.wso2.carbon.server.util.PatchUtils} -  Backed up plugins to patch0000
[2014-05-30 15:06:36,667]  INFO {org.wso2.carbon.server.util.PatchUtils} -  Applying patches ...
[2014-05-30 15:06:36,667]  INFO {org.wso2.carbon.server.util.PatchUtils} -  Applying - patch0001
[2014-05-30 15:06:36,706]  INFO {org.wso2.carbon.server.util.PatchUtils} -  Patched org.wso2.carbon.registry.core_4.2.0.jar(MD5:abf1a5f079b48a93702b3d114d5bab74)
[2014-05-30 15:06:36,708]  INFO {org.wso2.carbon.server.util.PatchUtils} -  Patched org.wso2.carbon.tomcat_4.2.0.jar(MD5:90a783251733b24a6d06eb8b25a88002)
[2014-05-30 15:06:36,721]  INFO {org.wso2.carbon.server.util.PatchUtils} -  Patched axiom_1.2.11.wso2v4.jar(MD5:f8c7d412bdf962e27b6a7cd31544f980)
[2014-05-30 15:06:36,723]  INFO {org.wso2.carbon.server.util.PatchUtils} -  Patched org.wso2.carbon.application.deployer_4.2.0.jar(MD5:deaea1ac15f9d5f8547508a95da2f953)
[2014-05-30 15:06:36,725]  INFO {org.wso2.carbon.server.util.PatchUtils} -  Patched org.wso2.carbon.server.admin_4.2.0.jar(MD5:9e99b2633cea196e820a0fd10eb995ce)
[2014-05-30 15:06:36,727]  INFO {org.wso2.carbon.server.util.PatchUtils} -  Patched org.wso2.carbon.tomcat.ext_4.2.0.jar(MD5:07ec21168150cb94e33ef258b2a18efe)
[2014-05-30 15:06:36,731]  INFO {org.wso2.carbon.server.util.PatchUtils} -  Patched org.wso2.carbon.utils_4.2.0.jar(MD5:8d88cbd2a0582c919be86840b60343e1)
[2014-05-30 15:06:36,797]  INFO {org.wso2.carbon.server.util.PatchUtils} -  Patched axis2_1.6.1.wso2v10.jar(MD5:95aa91031b924c12667ecd8ebc527a45)
[2014-05-30 15:06:36,821]  INFO {org.wso2.carbon.server.util.PatchUtils} -  Patched wss4j_1.5.11.wso2v6.jar(MD5:e71d1330341c7b3b61aa9834363d9eb7)
[2014-05-30 15:06:36,823]  INFO {org.wso2.carbon.server.util.PatchUtils} -  Patched javax.cache.wso2_4.2.0.jar(MD5:4dedf120b8958ccc0457e5dfe37785df)
[2014-05-30 15:06:36,827]  INFO {org.wso2.carbon.server.util.PatchUtils} -  Patched httpcore_4.3.0.wso2v1.jar(MD5:c1a38d32527dd6084b79d520c901f4df)
[2014-05-30 15:06:36,831]  INFO {org.wso2.carbon.server.util.PatchUtils} -  Patched org.wso2.carbon.user.core_4.2.0.jar(MD5:45059343ae83e54a97fa954467c4289b)
[2014-05-30 15:06:36,832]  INFO {org.wso2.carbon.server.util.PatchUtils} -  Patched org.wso2.carbon.core.services._4.2.0.jar(MD5:0602a35746cf402c482888f2acbe1ecf)
[2014-05-30 15:06:36,850]  INFO {org.wso2.carbon.server.util.PatchUtils} -  Patched org.wso2.carbon.core_4.2.0.jar(MD5:860db41abc3fcffa797612115cf893c9)
[2014-05-30 15:06:36,863]  INFO {org.wso2.carbon.server.util.PatchUtils} -  Patch verification started
[2014-05-30 15:06:37,007]  INFO {org.wso2.carbon.server.util.PatchUtils} -  Patch verification successfully completed without encountering any issues
