TID: [2014-05-30 15:06:36,123]  INFO {org.wso2.carbon.server.extensions.PatchInstaller} -  Patch changes detected  {org.wso2.carbon.server.extensions.PatchInstaller}
TID: [2014-05-30 15:06:36,667]  INFO {org.wso2.carbon.server.util.PatchUtils.console} -  Backed up plugins to patch0000 {org.wso2.carbon.server.util.PatchUtils.console}
TID: [2014-05-30 15:06:36,863]  INFO {org.wso2.carbon.server.util.PatchUtils.console} -  Patch verification started {org.wso2.carbon.server.util.PatchUtils.console}
TID: [2014-05-30 15:06:37,007]  INFO {org.wso2.carbon.server.util.PatchUtils.console} -  Patch verification successfully completed without encountering any issues. {org.wso2.carbon.server.util.PatchUtils.console}
TID: [0] [ES] [2014-05-30 15:06:38,796]  INFO {org.wso2.carbon.core.internal.CarbonCoreActivator} -  Starting WSO2 Carbon... {org.wso2.carbon.core.internal.CarbonCoreActivator}
TID: [0] [ES] [2014-05-30 15:06:38,797]  INFO {org.wso2.carbon.core.internal.CarbonCoreActivator} -  Operating System : Linux 3.13.0-24-generic, amd64 {org.wso2.carbon.core.internal.CarbonCoreActivator}
TID: [0] [ES] [2014-05-30 15:06:38,797]  INFO {org.wso2.carbon.core.internal.CarbonCoreActivator} -  Java Home        : /usr/lib/jvm/jdk1.6.0_31/jre {org.wso2.carbon.core.internal.CarbonCoreActivator}
TID: [0] [ES] [2014-05-30 15:06:38,797]  INFO {org.wso2.carbon.core.internal.CarbonCoreActivator} -  Java Version     : 1.6.0_31 {org.wso2.carbon.core.internal.CarbonCoreActivator}
TID: [0] [ES] [2014-05-30 15:06:38,797]  INFO {org.wso2.carbon.core.internal.CarbonCoreActivator} -  Java VM          : Java HotSpot(TM) 64-Bit Server VM 20.6-b01,Sun Microsystems Inc. {org.wso2.carbon.core.internal.CarbonCoreActivator}
TID: [0] [ES] [2014-05-30 15:06:38,797]  INFO {org.wso2.carbon.core.internal.CarbonCoreActivator} -  Carbon Home      : /home/ayesha/Documents/Project/DEV/wso2store-1.0.0 {org.wso2.carbon.core.internal.CarbonCoreActivator}
TID: [0] [ES] [2014-05-30 15:06:38,797]  INFO {org.wso2.carbon.core.internal.CarbonCoreActivator} -  Java Temp Dir    : /home/ayesha/Documents/Project/DEV/wso2store-1.0.0/tmp {org.wso2.carbon.core.internal.CarbonCoreActivator}
TID: [0] [ES] [2014-05-30 15:06:38,797]  INFO {org.wso2.carbon.core.internal.CarbonCoreActivator} -  User             : ayesha, en-US, Asia/Colombo {org.wso2.carbon.core.internal.CarbonCoreActivator}
TID: [0] [ES] [2014-05-30 15:06:38,841]  WARN {org.wso2.carbon.core.bootup.validator.util.ValidationResultPrinter} -  The default keystore (wso2carbon.jks) is currently being used. To maximize security when deploying to a production environment, configure a new keystore with a unique password in the production server profile. {org.wso2.carbon.core.bootup.validator.util.ValidationResultPrinter}
TID: [0] [ES] [2014-05-30 15:06:38,846]  INFO {org.wso2.carbon.databridge.agent.thrift.AgentHolder} -  Agent created ! {org.wso2.carbon.databridge.agent.thrift.AgentHolder}
TID: [0] [ES] [2014-05-30 15:06:38,860]  INFO {org.wso2.carbon.databridge.agent.thrift.internal.AgentDS} -  Successfully deployed Agent Client {org.wso2.carbon.databridge.agent.thrift.internal.AgentDS}
TID: [0] [ES] [2014-05-30 15:06:39,210]  INFO {org.wso2.carbon.social.internal.SocialComponent} -  Social Activity bundle is activated {org.wso2.carbon.social.internal.SocialComponent}
TID: [0] [ES] [2014-05-30 15:06:39,819]  INFO {org.wso2.carbon.databridge.core.internal.DataBridgeDS} -  Successfully deployed Agent Server  {org.wso2.carbon.databridge.core.internal.DataBridgeDS}
TID: [0] [ES] [2014-05-30 15:06:39,975]  INFO {org.wso2.carbon.registry.core.jdbc.EmbeddedRegistryService} -  Configured Registry in 80ms {org.wso2.carbon.registry.core.jdbc.EmbeddedRegistryService}
TID: [0] [ES] [2014-05-30 15:06:40,190]  INFO {org.wso2.carbon.registry.core.internal.RegistryCoreServiceComponent} -  Registry Mode    : READ-WRITE {org.wso2.carbon.registry.core.internal.RegistryCoreServiceComponent}
TID: [0] [ES] [2014-05-30 15:06:40,282]  INFO {org.wso2.carbon.cassandra.server.CassandraServerController} -  Cassandra Server Controller Thread was destroyed successfully {org.wso2.carbon.cassandra.server.CassandraServerController}
TID: [0] [ES] [2014-05-30 15:06:41,133]  INFO {org.wso2.carbon.user.core.internal.UserStoreMgtDSComponent} -  Carbon UserStoreMgtDSComponent activated successfully. {org.wso2.carbon.user.core.internal.UserStoreMgtDSComponent}
TID: [0] [ES] [2014-05-30 15:06:43,811]  INFO {org.apache.axis2.deployment.ClusterBuilder} -  Clustering has been disabled {org.apache.axis2.deployment.ClusterBuilder}
TID: [0] [ES] [2014-05-30 15:06:43,811]  INFO {org.apache.axis2.deployment.ClusterBuilder} -  Clustering has been disabled {org.apache.axis2.deployment.ClusterBuilder}
TID: [0] [ES] [2014-05-30 15:06:43,995]  WARN {org.wso2.carbon.stratos.landing.page.deployer.LandingPageWebappDeployer} -  Product landing page not found. {org.wso2.carbon.stratos.landing.page.deployer.LandingPageWebappDeployer}
TID: [0] [ES] [2014-05-30 15:06:43,996]  INFO {org.wso2.carbon.identity.user.store.configuration.deployer.UserStoreConfigurationDeployer} -  User Store Configuration Deployer initiated. {org.wso2.carbon.identity.user.store.configuration.deployer.UserStoreConfigurationDeployer}
TID: [0] [ES] [2014-05-30 15:06:43,998]  INFO {org.apache.axis2.transport.tcp.TCPTransportSender} -  TCP Sender started {org.apache.axis2.transport.tcp.TCPTransportSender}
TID: [0] [ES] [2014-05-30 15:06:43,998]  INFO {org.apache.axis2.transport.tcp.TCPTransportSender} -  TCP Sender started {org.apache.axis2.transport.tcp.TCPTransportSender}
TID: [0] [ES] [2014-05-30 15:06:44,148]  INFO {org.wso2.carbon.core.deployment.DeploymentInterceptor} -  Deploying Axis2 service: Version {super-tenant} {org.wso2.carbon.core.deployment.DeploymentInterceptor}
TID: [0] [ES] [2014-05-30 15:06:44,166]  INFO {org.apache.axis2.deployment.DeploymentEngine} -  Deploying Web service: Version.aar - file:/home/ayesha/Documents/Project/DEV/wso2store-1.0.0/repository/deployment/server/axis2services/Version.aar {org.apache.axis2.deployment.DeploymentEngine}
TID: [0] [ES] [2014-05-30 15:06:44,166]  INFO {org.apache.axis2.deployment.DeploymentEngine} -  Deploying Web service: Version.aar - file:/home/ayesha/Documents/Project/DEV/wso2store-1.0.0/repository/deployment/server/axis2services/Version.aar {org.apache.axis2.deployment.DeploymentEngine}
TID: [0] [ES] [2014-05-30 15:06:44,176]  INFO {org.wso2.carbon.core.deployment.DeploymentInterceptor} -  Deploying Axis2 service: echo {super-tenant} {org.wso2.carbon.core.deployment.DeploymentInterceptor}
TID: [0] [ES] [2014-05-30 15:06:44,208]  INFO {org.apache.axis2.deployment.DeploymentEngine} -  Deploying Web service: Echo.aar - file:/home/ayesha/Documents/Project/DEV/wso2store-1.0.0/repository/deployment/server/axis2services/Echo.aar {org.apache.axis2.deployment.DeploymentEngine}
TID: [0] [ES] [2014-05-30 15:06:44,208]  INFO {org.apache.axis2.deployment.DeploymentEngine} -  Deploying Web service: Echo.aar - file:/home/ayesha/Documents/Project/DEV/wso2store-1.0.0/repository/deployment/server/axis2services/Echo.aar {org.apache.axis2.deployment.DeploymentEngine}
TID: [0] [ES] [2014-05-30 15:06:47,168]  INFO {org.apache.shiro.config.IniSecurityManagerFactory} -  Realms have been explicitly set on the SecurityManager instance - auto-setting of realms will not occur. {org.apache.shiro.config.IniSecurityManagerFactory}
TID: [0] [ES] [2014-05-30 15:06:47,168]  INFO {org.apache.shiro.config.IniSecurityManagerFactory} -  Realms have been explicitly set on the SecurityManager instance - auto-setting of realms will not occur. {org.apache.shiro.config.IniSecurityManagerFactory}
TID: [0] [ES] [2014-05-30 15:06:47,170]  INFO {org.apache.shiro.realm.AuthorizingRealm} -  No cache or cacheManager properties have been set.  Authorization cache cannot be obtained. {org.apache.shiro.realm.AuthorizingRealm}
TID: [0] [ES] [2014-05-30 15:06:47,170]  INFO {org.apache.shiro.realm.AuthorizingRealm} -  No cache or cacheManager properties have been set.  Authorization cache cannot be obtained. {org.apache.shiro.realm.AuthorizingRealm}
TID: [0] [ES] [2014-05-30 15:06:47,179]  INFO {org.wso2.carbon.webapp.mgt.TomcatGenericWebappsDeployer} -  Deployed webapp: StandardEngine[Catalina].StandardHost[localhost].StandardContext[/].File[/home/ayesha/Documents/Project/DEV/wso2store-1.0.0/repository/deployment/server/webapps/ROOT] {org.wso2.carbon.webapp.mgt.TomcatGenericWebappsDeployer}
TID: [0] [ES] [2014-05-30 15:06:47,830]  INFO {org.jaggeryjs.jaggery.app.mgt.TomcatJaggeryWebappsDeployer} -  Deployed webapp: StandardEngine[Catalina].StandardHost[localhost].StandardContext[/store-admin].File[/home/ayesha/Documents/Project/DEV/wso2store-1.0.0/repository/deployment/server/jaggeryapps/store-admin] {org.jaggeryjs.jaggery.app.mgt.TomcatJaggeryWebappsDeployer}
TID: [0] [ES] [2014-05-30 15:06:47,853]  INFO {org.jaggeryjs.jaggery.app.mgt.TomcatJaggeryWebappsDeployer} -  Deployed webapp: StandardEngine[Catalina].StandardHost[localhost].StandardContext[/storage].File[/home/ayesha/Documents/Project/DEV/wso2store-1.0.0/repository/deployment/server/jaggeryapps/storage] {org.jaggeryjs.jaggery.app.mgt.TomcatJaggeryWebappsDeployer}
TID: [0] [ES] [2014-05-30 15:06:48,257]  INFO {org.jaggeryjs.jaggery.app.mgt.TomcatJaggeryWebappsDeployer} -  Deployed webapp: StandardEngine[Catalina].StandardHost[localhost].StandardContext[/store].File[/home/ayesha/Documents/Project/DEV/wso2store-1.0.0/repository/deployment/server/jaggeryapps/store] {org.jaggeryjs.jaggery.app.mgt.TomcatJaggeryWebappsDeployer}
TID: [0] [ES] [2014-05-30 15:06:48,459]  INFO {JAGGERY.config.app:js} -  Emitting event : tenantLoad {JAGGERY.config.app:js}
TID: [0] [ES] [2014-05-30 15:06:48,466]  INFO {JAGGERY.config.app:js} -  Emitting event : tenantCreate {JAGGERY.config.app:js}
TID: [0] [ES] [2014-05-30 15:06:49,095]  INFO {org.wso2.carbon.registry.core.jdbc.EmbeddedRegistryService} -  Configured Registry in 0ms {org.wso2.carbon.registry.core.jdbc.EmbeddedRegistryService}
TID: [0] [ES] [2014-05-30 15:06:53,016]  INFO {org.jaggeryjs.jaggery.app.mgt.TomcatJaggeryWebappsDeployer} -  Deployed webapp: StandardEngine[Catalina].StandardHost[localhost].StandardContext[/publisher].File[/home/ayesha/Documents/Project/DEV/wso2store-1.0.0/repository/deployment/server/jaggeryapps/publisher] {org.jaggeryjs.jaggery.app.mgt.TomcatJaggeryWebappsDeployer}
TID: [0] [ES] [2014-05-30 15:06:53,085]  INFO {org.jaggeryjs.jaggery.app.mgt.TomcatJaggeryWebappsDeployer} -  Deployed webapp: StandardEngine[Catalina].StandardHost[localhost].StandardContext[/social].File[/home/ayesha/Documents/Project/DEV/wso2store-1.0.0/repository/deployment/server/jaggeryapps/social] {org.jaggeryjs.jaggery.app.mgt.TomcatJaggeryWebappsDeployer}
TID: [0] [ES] [2014-05-30 15:06:53,160]  INFO {org.jaggeryjs.jaggery.app.mgt.TomcatJaggeryWebappsDeployer} -  Deployed webapp: StandardEngine[Catalina].StandardHost[localhost].StandardContext[/sso].File[/home/ayesha/Documents/Project/DEV/wso2store-1.0.0/repository/deployment/server/jaggeryapps/sso] {org.jaggeryjs.jaggery.app.mgt.TomcatJaggeryWebappsDeployer}
TID: [0] [ES] [2014-05-30 15:06:53,188]  INFO {org.apache.axis2.deployment.ModuleDeployer} -  Deploying module: addressing-1.6.1-wso2v10 - file:/home/ayesha/Documents/Project/DEV/wso2store-1.0.0/repository/deployment/client/modules/addressing-1.6.1-wso2v10.mar {org.apache.axis2.deployment.ModuleDeployer}
TID: [0] [ES] [2014-05-30 15:06:53,188]  INFO {org.apache.axis2.deployment.ModuleDeployer} -  Deploying module: addressing-1.6.1-wso2v10 - file:/home/ayesha/Documents/Project/DEV/wso2store-1.0.0/repository/deployment/client/modules/addressing-1.6.1-wso2v10.mar {org.apache.axis2.deployment.ModuleDeployer}
TID: [0] [ES] [2014-05-30 15:06:53,191]  INFO {org.apache.axis2.transport.tcp.TCPTransportSender} -  TCP Sender started {org.apache.axis2.transport.tcp.TCPTransportSender}
TID: [0] [ES] [2014-05-30 15:06:53,191]  INFO {org.apache.axis2.transport.tcp.TCPTransportSender} -  TCP Sender started {org.apache.axis2.transport.tcp.TCPTransportSender}
TID: [0] [ES] [2014-05-30 15:06:54,216]  INFO {org.apache.axis2.deployment.DeploymentEngine} -  Deploying Web service: org.wso2.carbon.registry.ws.api -  {org.apache.axis2.deployment.DeploymentEngine}
TID: [0] [ES] [2014-05-30 15:06:54,216]  INFO {org.apache.axis2.deployment.DeploymentEngine} -  Deploying Web service: org.wso2.carbon.registry.ws.api -  {org.apache.axis2.deployment.DeploymentEngine}
TID: [0] [ES] [2014-05-30 15:06:54,437]  INFO {org.wso2.carbon.core.init.CarbonServerManager} -  Repository       : /home/ayesha/Documents/Project/DEV/wso2store-1.0.0/repository/deployment/server/ {org.wso2.carbon.core.init.CarbonServerManager}
TID: [0] [ES] [2014-05-30 15:06:54,460]  INFO {org.wso2.carbon.core.internal.permission.update.PermissionUpdater} -  Permission cache updated for tenant -1234 {org.wso2.carbon.core.internal.permission.update.PermissionUpdater}
TID: [0] [ES] [2014-05-30 15:06:54,683]  INFO {org.wso2.carbon.databridge.receiver.thrift.internal.ThriftDataReceiver} -  Thrift Server started at 192.168.122.1 {org.wso2.carbon.databridge.receiver.thrift.internal.ThriftDataReceiver}
TID: [0] [ES] [2014-05-30 15:06:54,689]  INFO {org.wso2.carbon.databridge.receiver.thrift.internal.ThriftDataReceiver} -  Thrift SSL port : 7711 {org.wso2.carbon.databridge.receiver.thrift.internal.ThriftDataReceiver}
TID: [0] [ES] [2014-05-30 15:06:54,690]  INFO {org.wso2.carbon.databridge.receiver.thrift.internal.ThriftDataReceiver} -  Thrift port : 7611 {org.wso2.carbon.databridge.receiver.thrift.internal.ThriftDataReceiver}
TID: [0] [ES] [2014-05-30 15:06:55,257]  INFO {JAGGERY.config.app:js} -  Store URL : http://localhost:9763/store {JAGGERY.config.app:js}
TID: [0] [ES] [2014-05-30 15:06:55,262]  INFO {org.wso2.stratos.identity.saml2.sso.mgt.SSOServiceProviderUpdateManager} -  A SSO Service Provider is registered for : store {org.wso2.stratos.identity.saml2.sso.mgt.SSOServiceProviderUpdateManager}
TID: [0] [ES] [2014-05-30 15:06:55,262]  INFO {org.wso2.stratos.identity.saml2.sso.mgt.SSOServiceProviderUpdateManager} -  A SSO Service Provider is registered for : social {org.wso2.stratos.identity.saml2.sso.mgt.SSOServiceProviderUpdateManager}
TID: [0] [ES] [2014-05-30 15:06:55,262]  INFO {org.wso2.stratos.identity.saml2.sso.mgt.SSOServiceProviderUpdateManager} -  A SSO Service Provider is registered for : publisher {org.wso2.stratos.identity.saml2.sso.mgt.SSOServiceProviderUpdateManager}
TID: [0] [ES] [2014-05-30 15:06:55,389]  INFO {org.wso2.carbon.core.transports.http.HttpsTransportListener} -  HTTPS port       : 9443 {org.wso2.carbon.core.transports.http.HttpsTransportListener}
TID: [0] [ES] [2014-05-30 15:06:55,389]  INFO {org.wso2.carbon.core.transports.http.HttpTransportListener} -  HTTP port        : 9763 {org.wso2.carbon.core.transports.http.HttpTransportListener}
TID: [0] [ES] [2014-05-30 15:06:55,415]  INFO {org.wso2.carbon.registry.eventing.internal.RegistryEventingServiceComponent} -  Successfully Initialized Eventing on Registry {org.wso2.carbon.registry.eventing.internal.RegistryEventingServiceComponent}
TID: [0] [ES] [2014-05-30 15:07:00,016]  INFO {JAGGERY.config.app:js} -  Publisher URL : http://localhost:9763/publisher {JAGGERY.config.app:js}
TID: [0] [ES] [2014-05-30 15:08:31,938]  INFO {JAGGERY..controllers.top-assets:jag} -  Emitting event : tenantLoad {JAGGERY..controllers.top-assets:jag}
TID: [0] [ES] [2014-05-30 15:08:31,940]  INFO {JAGGERY..controllers.top-assets:jag} -  Emitting event : tenantCreate {JAGGERY..controllers.top-assets:jag}
TID: [0] [ES] [2014-05-30 15:09:03,033]  INFO {org.wso2.carbon.core.init.JMXServerManager} -  JMX Service URL  : service:jmx:rmi://localhost:11111/jndi/rmi://localhost:9999/jmxrmi {org.wso2.carbon.core.init.JMXServerManager}
TID: [0] [ES] [2014-05-30 15:09:03,034]  INFO {org.wso2.carbon.core.internal.StartupFinalizerServiceComponent} -  Server           :  WSO2 Enterprise Store-1.0.0 {org.wso2.carbon.core.internal.StartupFinalizerServiceComponent}
TID: [0] [ES] [2014-05-30 15:09:03,035]  INFO {org.wso2.carbon.core.internal.StartupFinalizerServiceComponent} -  WSO2 Carbon started in 146 sec {org.wso2.carbon.core.internal.StartupFinalizerServiceComponent}
TID: [0] [ES] [2014-05-30 15:09:03,159]  INFO {org.wso2.carbon.ui.internal.CarbonUIServiceComponent} -  Mgt Console URL  : https://192.168.122.1:9443/admin/carbon/ {org.wso2.carbon.ui.internal.CarbonUIServiceComponent}
TID: [0] [ES] [2014-05-30 15:09:15,130]  INFO {org.wso2.carbon.core.services.util.CarbonAuthenticationUtil} -  'admin@carbon.super [-1234]' logged in at [2014-05-30 15:09:15,129+0530] {org.wso2.carbon.core.services.util.CarbonAuthenticationUtil}
TID: [0] [ES] [2014-05-30 15:09:15,239]  INFO {JAGGERY.controllers.acs:jag} -  Emitting event : login {JAGGERY.controllers.acs:jag}
TID: [0] [ES] [2014-05-30 15:10:18,362]  INFO {JAGGERY.controllers.acs:jag} -  Emitting event : login {JAGGERY.controllers.acs:jag}
TID: [0] [ES] [2014-05-30 15:27:08,990]  INFO {JAGGERY.controllers.acs:jag} -  Emitting event : login {JAGGERY.controllers.acs:jag}
TID: [0] [ES] [2014-05-30 15:27:57,696]  INFO {org.wso2.carbon.core.init.CarbonServerManager} -  Shutdown hook triggered.... {org.wso2.carbon.core.init.CarbonServerManager}
TID: [0] [ES] [2014-05-30 15:27:57,697]  INFO {org.wso2.carbon.core.init.CarbonServerManager} -  Gracefully shutting down WSO2 Enterprise Store... {org.wso2.carbon.core.init.CarbonServerManager}
TID: [0] [ES] [2014-05-30 15:27:57,700]  INFO {org.wso2.carbon.core.ServerManagement} -  Starting to switch to maintenance mode... {org.wso2.carbon.core.ServerManagement}
TID: [0] [ES] [2014-05-30 15:27:57,701]  INFO {org.wso2.carbon.core.ServerManagement} -  Stopped all transport listeners {org.wso2.carbon.core.ServerManagement}
TID: [0] [ES] [2014-05-30 15:27:57,701]  INFO {org.wso2.carbon.core.ServerManagement} -  Waiting for request service completion... {org.wso2.carbon.core.ServerManagement}
TID: [0] [ES] [2014-05-30 15:27:57,708]  INFO {org.wso2.carbon.core.ServerManagement} -  All requests have been served. {org.wso2.carbon.core.ServerManagement}
TID: [0] [ES] [2014-05-30 15:27:57,708]  INFO {org.wso2.carbon.core.ServerManagement} -  Waiting for deployment completion... {org.wso2.carbon.core.ServerManagement}
TID: [0] [ES] [2014-05-30 15:27:57,755]  INFO {org.wso2.carbon.webapp.mgt.WebApplication} -  Unloaded webapp: StandardEngine[Catalina].StandardHost[localhost].StandardContext[/] {org.wso2.carbon.webapp.mgt.WebApplication}
TID: [0] [ES] [2014-05-30 15:27:57,788]  INFO {org.wso2.carbon.webapp.mgt.WebApplication} -  Unloaded webapp: StandardEngine[Catalina].StandardHost[localhost].StandardContext[/store-admin] {org.wso2.carbon.webapp.mgt.WebApplication}
TID: [0] [ES] [2014-05-30 15:27:57,883]  INFO {org.wso2.carbon.webapp.mgt.WebApplication} -  Unloaded webapp: StandardEngine[Catalina].StandardHost[localhost].StandardContext[/publisher] {org.wso2.carbon.webapp.mgt.WebApplication}
TID: [0] [ES] [2014-05-30 15:27:57,892]  INFO {org.wso2.carbon.webapp.mgt.WebApplication} -  Unloaded webapp: StandardEngine[Catalina].StandardHost[localhost].StandardContext[/social] {org.wso2.carbon.webapp.mgt.WebApplication}
TID: [0] [ES] [2014-05-30 15:27:57,931]  INFO {org.wso2.carbon.webapp.mgt.WebApplication} -  Unloaded webapp: StandardEngine[Catalina].StandardHost[localhost].StandardContext[/store] {org.wso2.carbon.webapp.mgt.WebApplication}
TID: [0] [ES] [2014-05-30 15:27:57,934]  INFO {org.wso2.carbon.webapp.mgt.WebApplication} -  Unloaded webapp: StandardEngine[Catalina].StandardHost[localhost].StandardContext[/storage] {org.wso2.carbon.webapp.mgt.WebApplication}
TID: [0] [ES] [2014-05-30 15:27:57,938]  INFO {org.wso2.carbon.webapp.mgt.WebApplication} -  Unloaded webapp: StandardEngine[Catalina].StandardHost[localhost].StandardContext[/sso] {org.wso2.carbon.webapp.mgt.WebApplication}
TID: [0] [ES] [2014-05-30 15:27:57,938]  INFO {org.wso2.carbon.core.ServerManagement} -  All deployment tasks have been completed. {org.wso2.carbon.core.ServerManagement}
TID: [0] [ES] [2014-05-30 15:27:57,939]  INFO {org.wso2.carbon.core.ServerManagement} -  Waiting for server task completion... {org.wso2.carbon.core.ServerManagement}
TID: [0] [ES] [2014-05-30 15:27:57,941]  INFO {org.wso2.carbon.registry.core.internal.RegistryCoreServiceComponent} -  Writing logs  {org.wso2.carbon.registry.core.internal.RegistryCoreServiceComponent}
TID: [0] [ES] [2014-05-30 15:27:57,941]  INFO {org.wso2.carbon.core.ServerManagement} -  All server tasks have been completed. {org.wso2.carbon.core.ServerManagement}
TID: [0] [ES] [2014-05-30 15:27:57,942]  INFO {org.wso2.carbon.core.init.CarbonServerManager} -  Shutting down WSO2 Enterprise Store... {org.wso2.carbon.core.init.CarbonServerManager}
TID: [0] [ES] [2014-05-30 15:27:57,942]  INFO {org.wso2.carbon.core.init.CarbonServerManager} -  Shutting down OSGi framework... {org.wso2.carbon.core.init.CarbonServerManager}
TID: [0] [ES] [2014-05-30 15:27:57,949]  INFO {org.wso2.carbon.databridge.receiver.thrift.internal.ThriftDataReceiverDS} -  Thrift server shutting down... {org.wso2.carbon.databridge.receiver.thrift.internal.ThriftDataReceiverDS}
TID: [0] [ES] [2014-05-30 15:28:00,025]  INFO {org.wso2.carbon.core.init.CarbonServerManager} -  Stopping CarbonServerManager... {org.wso2.carbon.core.init.CarbonServerManager}
TID: [0] [ES] [2014-05-30 15:28:00,026]  INFO {org.apache.axis2.transport.tcp.TCPTransportSender} -  TCP Sender Shutdown {org.apache.axis2.transport.tcp.TCPTransportSender}
TID: [0] [ES] [2014-05-30 15:28:00,026]  INFO {org.apache.axis2.transport.tcp.TCPTransportSender} -  TCP Sender Shutdown {org.apache.axis2.transport.tcp.TCPTransportSender}
TID: [0] [ES] [2014-05-30 15:28:00,223]  INFO {org.wso2.carbon.tomcat.ext.internal.CarbonTomcatServiceComponent} -  Stopping the carbon web-app registered under : /admin {org.wso2.carbon.tomcat.ext.internal.CarbonTomcatServiceComponent}
TID: [0] [ES] [2014-05-30 15:28:00,534]  INFO {org.wso2.carbon.core.init.CarbonServerManager} -  Shutdown complete {org.wso2.carbon.core.init.CarbonServerManager}
TID: [0] [ES] [2014-05-30 15:28:00,534]  INFO {org.wso2.carbon.core.init.CarbonServerManager} -  Halting JVM {org.wso2.carbon.core.init.CarbonServerManager}
