[2014-05-30 16:21:57,001]  INFO {org.wso2.carbon.server.util.PatchUtils} -  Checking for patch changes ...
[2014-05-30 16:21:57,002]  INFO {org.wso2.carbon.server.util.PatchUtils} -  New patch available - patch0001
[2014-05-30 16:21:57,002]  INFO {org.wso2.carbon.server.extensions.PatchInstaller} -  Patch changes detected 
[2014-05-30 16:21:57,158]  INFO {org.wso2.carbon.server.util.PatchUtils} -  Backed up plugins to patch0000
[2014-05-30 16:21:57,158]  INFO {org.wso2.carbon.server.util.PatchUtils} -  Applying patches ...
[2014-05-30 16:21:57,158]  INFO {org.wso2.carbon.server.util.PatchUtils} -  Applying - patch0001
[2014-05-30 16:21:57,166]  INFO {org.wso2.carbon.server.util.PatchUtils} -  Patched axis2-transport-jms_1.1.0.wso2v9.jar(MD5:b5a82def11563b9c293474526c7f02f6)
[2014-05-30 16:21:57,204]  INFO {org.wso2.carbon.server.util.PatchUtils} -  Patched org.wso2.carbon.registry.core_4.2.0.jar(MD5:94f2340a1e11a67d9e5d2927b1d8fbdb)
[2014-05-30 16:21:57,206]  INFO {org.wso2.carbon.server.util.PatchUtils} -  Patched org.wso2.carbon.tomcat_4.2.0.jar(MD5:41fdaf9d98224ab34ab1982e91e184a5)
[2014-05-30 16:21:57,215]  INFO {org.wso2.carbon.server.util.PatchUtils} -  Patched axiom_1.2.11.wso2v4.jar(MD5:d0b5b01650ca4faae96a54bbc733441f)
[2014-05-30 16:21:57,216]  INFO {org.wso2.carbon.server.util.PatchUtils} -  Patched org.wso2.carbon.application.deployer_4.2.0.jar(MD5:c620fa278f44b8b338a6511824cb4d9c)
[2014-05-30 16:21:57,217]  INFO {org.wso2.carbon.server.util.PatchUtils} -  Patched org.wso2.carbon.server.admin_4.2.0.jar(MD5:cecd6f71ea25abd2560682523231adda)
[2014-05-30 16:21:57,218]  INFO {org.wso2.carbon.server.util.PatchUtils} -  Patched org.wso2.carbon.tomcat.ext_4.2.0.jar(MD5:c5e086e751732f9abeccf7c9f7bbbbbd)
[2014-05-30 16:21:57,220]  INFO {org.wso2.carbon.server.util.PatchUtils} -  Patched org.wso2.carbon.utils_4.2.0.jar(MD5:a806a9cc8d132794dfcbfbc7d743e915)
[2014-05-30 16:21:57,272]  INFO {org.wso2.carbon.server.util.PatchUtils} -  Patched axis2_1.6.1.wso2v10.jar(MD5:3b297ce1e609817bd52e52407867da66)
[2014-05-30 16:21:57,291]  INFO {org.wso2.carbon.server.util.PatchUtils} -  Patched spring.framework_3.1.0.wso2v1.jar(MD5:bf208e0301929bd0a6482626771bc7ae)
[2014-05-30 16:21:57,304]  INFO {org.wso2.carbon.server.util.PatchUtils} -  Patched wss4j_1.5.11.wso2v6.jar(MD5:6af11b00c0d4c20c933454cdc4346522)
[2014-05-30 16:21:57,306]  INFO {org.wso2.carbon.server.util.PatchUtils} -  Patched javax.cache.wso2_4.2.0.jar(MD5:089ed7a98850aa3723207c6f3f1768d2)
[2014-05-30 16:21:57,308]  INFO {org.wso2.carbon.server.util.PatchUtils} -  Patched httpcore_4.3.0.wso2v1.jar(MD5:4db3b86a7a814670c8b1ae9eeb27b7d4)
[2014-05-30 16:21:57,310]  INFO {org.wso2.carbon.server.util.PatchUtils} -  Patched org.wso2.carbon.user.core_4.2.0.jar(MD5:da755deac51edc3a9b06bdb67993f218)
[2014-05-30 16:21:57,311]  INFO {org.wso2.carbon.server.util.PatchUtils} -  Patched org.wso2.carbon.core.services._4.2.0.jar(MD5:b6e7fac5646a39c464683ad84490d786)
[2014-05-30 16:21:57,320]  INFO {org.wso2.carbon.server.util.PatchUtils} -  Patched org.wso2.carbon.core_4.2.0.jar(MD5:a6d5cb417d9fc7ad2162b6ac2ff5ed99)
[2014-05-30 16:21:57,345]  INFO {org.wso2.carbon.server.util.PatchUtils} -  Patch verification started
[2014-05-30 16:21:57,510]  INFO {org.wso2.carbon.server.util.PatchUtils} -  Patch verification successfully completed without encountering any issues
[2014-05-30 16:29:36,231]  INFO {org.wso2.carbon.server.util.PatchUtils} -  Checking for patch changes ...
[2014-05-30 16:29:36,233]  INFO {org.wso2.carbon.server.util.PatchUtils} -  No new patch or service pack detected, server will start without applying patches 
[2014-05-30 16:29:36,382]  INFO {org.wso2.carbon.server.util.PatchUtils} -  Patch verification started
[2014-05-30 16:29:36,540]  INFO {org.wso2.carbon.server.util.PatchUtils} -  Patch verification successfully completed without encountering any issues
[2014-05-30 16:34:03,780]  INFO {org.wso2.carbon.server.util.PatchUtils} -  Checking for patch changes ...
[2014-05-30 16:34:03,781]  INFO {org.wso2.carbon.server.util.PatchUtils} -  No new patch or service pack detected, server will start without applying patches 
[2014-05-30 16:34:03,934]  INFO {org.wso2.carbon.server.util.PatchUtils} -  Patch verification started
[2014-05-30 16:34:04,093]  INFO {org.wso2.carbon.server.util.PatchUtils} -  Patch verification successfully completed without encountering any issues
[2014-05-30 16:46:48,029]  INFO {org.wso2.carbon.server.util.PatchUtils} -  Checking for patch changes ...
[2014-05-30 16:46:48,030]  INFO {org.wso2.carbon.server.util.PatchUtils} -  No new patch or service pack detected, server will start without applying patches 
[2014-05-30 16:46:48,184]  INFO {org.wso2.carbon.server.util.PatchUtils} -  Patch verification started
[2014-05-30 16:46:48,342]  INFO {org.wso2.carbon.server.util.PatchUtils} -  Patch verification successfully completed without encountering any issues
[2014-05-30 16:50:55,180]  INFO {org.wso2.carbon.server.util.PatchUtils} -  Checking for patch changes ...
[2014-05-30 16:50:55,181]  INFO {org.wso2.carbon.server.util.PatchUtils} -  No new patch or service pack detected, server will start without applying patches 
[2014-05-30 16:50:55,333]  INFO {org.wso2.carbon.server.util.PatchUtils} -  Patch verification started
[2014-05-30 16:50:55,497]  INFO {org.wso2.carbon.server.util.PatchUtils} -  Patch verification successfully completed without encountering any issues
[2014-05-30 17:28:49,373]  INFO {org.wso2.carbon.server.util.PatchUtils} -  Checking for patch changes ...
[2014-05-30 17:28:49,374]  INFO {org.wso2.carbon.server.util.PatchUtils} -  No new patch or service pack detected, server will start without applying patches 
[2014-05-30 17:28:49,534]  INFO {org.wso2.carbon.server.util.PatchUtils} -  Patch verification started
[2014-05-30 17:28:49,695]  INFO {org.wso2.carbon.server.util.PatchUtils} -  Patch verification successfully completed without encountering any issues
[2014-05-30 18:00:06,975]  INFO {org.wso2.carbon.server.util.PatchUtils} -  Checking for patch changes ...
[2014-05-30 18:00:06,976]  INFO {org.wso2.carbon.server.util.PatchUtils} -  No new patch or service pack detected, server will start without applying patches 
[2014-05-30 18:00:07,132]  INFO {org.wso2.carbon.server.util.PatchUtils} -  Patch verification started
[2014-05-30 18:00:07,291]  INFO {org.wso2.carbon.server.util.PatchUtils} -  Patch verification successfully completed without encountering any issues
[2014-05-31 10:58:47,936]  INFO {org.wso2.carbon.server.util.PatchUtils} -  Checking for patch changes ...
[2014-05-31 10:58:47,938]  INFO {org.wso2.carbon.server.util.PatchUtils} -  No new patch or service pack detected, server will start without applying patches 
[2014-05-31 10:58:48,147]  INFO {org.wso2.carbon.server.util.PatchUtils} -  Patch verification started
[2014-05-31 10:58:48,351]  INFO {org.wso2.carbon.server.util.PatchUtils} -  Patch verification successfully completed without encountering any issues
[2014-05-31 11:08:46,346]  INFO {org.wso2.carbon.server.util.PatchUtils} -  Checking for patch changes ...
[2014-05-31 11:08:46,347]  INFO {org.wso2.carbon.server.util.PatchUtils} -  No new patch or service pack detected, server will start without applying patches 
[2014-05-31 11:08:46,522]  INFO {org.wso2.carbon.server.util.PatchUtils} -  Patch verification started
[2014-05-31 11:08:46,685]  INFO {org.wso2.carbon.server.util.PatchUtils} -  Patch verification successfully completed without encountering any issues
[2014-05-31 11:35:09,031]  INFO {org.wso2.carbon.server.util.PatchUtils} -  Checking for patch changes ...
[2014-05-31 11:35:09,032]  INFO {org.wso2.carbon.server.util.PatchUtils} -  No new patch or service pack detected, server will start without applying patches 
[2014-05-31 11:35:09,202]  INFO {org.wso2.carbon.server.util.PatchUtils} -  Patch verification started
[2014-05-31 11:35:09,367]  INFO {org.wso2.carbon.server.util.PatchUtils} -  Patch verification successfully completed without encountering any issues
[2014-05-31 11:44:18,324]  INFO {org.wso2.carbon.server.util.PatchUtils} -  Checking for patch changes ...
[2014-05-31 11:44:18,325]  INFO {org.wso2.carbon.server.util.PatchUtils} -  No new patch or service pack detected, server will start without applying patches 
[2014-05-31 11:44:18,475]  INFO {org.wso2.carbon.server.util.PatchUtils} -  Patch verification started
[2014-05-31 11:44:18,632]  INFO {org.wso2.carbon.server.util.PatchUtils} -  Patch verification successfully completed without encountering any issues
[2014-05-31 13:03:41,669]  INFO {org.wso2.carbon.server.util.PatchUtils} -  Checking for patch changes ...
[2014-05-31 13:03:41,670]  INFO {org.wso2.carbon.server.util.PatchUtils} -  No new patch or service pack detected, server will start without applying patches 
[2014-05-31 13:03:41,826]  INFO {org.wso2.carbon.server.util.PatchUtils} -  Patch verification started
[2014-05-31 13:03:41,986]  INFO {org.wso2.carbon.server.util.PatchUtils} -  Patch verification successfully completed without encountering any issues
[2014-05-31 13:14:31,858]  INFO {org.wso2.carbon.server.util.PatchUtils} -  Checking for patch changes ...
[2014-05-31 13:14:31,859]  INFO {org.wso2.carbon.server.util.PatchUtils} -  No new patch or service pack detected, server will start without applying patches 
[2014-05-31 13:14:32,012]  INFO {org.wso2.carbon.server.util.PatchUtils} -  Patch verification started
[2014-05-31 13:14:32,172]  INFO {org.wso2.carbon.server.util.PatchUtils} -  Patch verification successfully completed without encountering any issues
[2014-05-31 13:50:14,674]  INFO {org.wso2.carbon.server.util.PatchUtils} -  Checking for patch changes ...
[2014-05-31 13:50:14,675]  INFO {org.wso2.carbon.server.util.PatchUtils} -  No new patch or service pack detected, server will start without applying patches 
[2014-05-31 13:50:14,859]  INFO {org.wso2.carbon.server.util.PatchUtils} -  Patch verification started
[2014-05-31 13:50:15,019]  INFO {org.wso2.carbon.server.util.PatchUtils} -  Patch verification successfully completed without encountering any issues
[2014-05-31 14:03:17,985]  INFO {org.wso2.carbon.server.util.PatchUtils} -  Checking for patch changes ...
[2014-05-31 14:03:17,986]  INFO {org.wso2.carbon.server.util.PatchUtils} -  No new patch or service pack detected, server will start without applying patches 
[2014-05-31 14:03:18,143]  INFO {org.wso2.carbon.server.util.PatchUtils} -  Patch verification started
[2014-05-31 14:03:18,304]  INFO {org.wso2.carbon.server.util.PatchUtils} -  Patch verification successfully completed without encountering any issues
[2014-05-31 14:05:21,266]  INFO {org.wso2.carbon.server.util.PatchUtils} -  Checking for patch changes ...
[2014-05-31 14:05:21,267]  INFO {org.wso2.carbon.server.util.PatchUtils} -  No new patch or service pack detected, server will start without applying patches 
[2014-05-31 14:05:21,417]  INFO {org.wso2.carbon.server.util.PatchUtils} -  Patch verification started
[2014-05-31 14:05:21,575]  INFO {org.wso2.carbon.server.util.PatchUtils} -  Patch verification successfully completed without encountering any issues
[2014-05-31 14:10:01,804]  INFO {org.wso2.carbon.server.util.PatchUtils} -  Checking for patch changes ...
[2014-05-31 14:10:01,805]  INFO {org.wso2.carbon.server.util.PatchUtils} -  No new patch or service pack detected, server will start without applying patches 
[2014-05-31 14:10:01,963]  INFO {org.wso2.carbon.server.util.PatchUtils} -  Patch verification started
[2014-05-31 14:10:02,121]  INFO {org.wso2.carbon.server.util.PatchUtils} -  Patch verification successfully completed without encountering any issues
[2014-05-31 14:23:24,157]  INFO {org.wso2.carbon.server.util.PatchUtils} -  Checking for patch changes ...
[2014-05-31 14:23:24,158]  INFO {org.wso2.carbon.server.util.PatchUtils} -  No new patch or service pack detected, server will start without applying patches 
[2014-05-31 14:23:24,308]  INFO {org.wso2.carbon.server.util.PatchUtils} -  Patch verification started
[2014-05-31 14:23:24,466]  INFO {org.wso2.carbon.server.util.PatchUtils} -  Patch verification successfully completed without encountering any issues
[2014-05-31 14:33:58,653]  INFO {org.wso2.carbon.server.util.PatchUtils} -  Checking for patch changes ...
[2014-05-31 14:33:58,654]  INFO {org.wso2.carbon.server.util.PatchUtils} -  No new patch or service pack detected, server will start without applying patches 
[2014-05-31 14:33:58,808]  INFO {org.wso2.carbon.server.util.PatchUtils} -  Patch verification started
[2014-05-31 14:33:58,969]  INFO {org.wso2.carbon.server.util.PatchUtils} -  Patch verification successfully completed without encountering any issues
[2014-05-31 14:35:37,304]  INFO {org.wso2.carbon.server.util.PatchUtils} -  Checking for patch changes ...
[2014-05-31 14:35:37,305]  INFO {org.wso2.carbon.server.util.PatchUtils} -  No new patch or service pack detected, server will start without applying patches 
[2014-05-31 14:35:37,459]  INFO {org.wso2.carbon.server.util.PatchUtils} -  Patch verification started
[2014-05-31 14:35:37,617]  INFO {org.wso2.carbon.server.util.PatchUtils} -  Patch verification successfully completed without encountering any issues
[2014-05-31 14:40:25,868]  INFO {org.wso2.carbon.server.util.PatchUtils} -  Checking for patch changes ...
[2014-05-31 14:40:25,869]  INFO {org.wso2.carbon.server.util.PatchUtils} -  No new patch or service pack detected, server will start without applying patches 
[2014-05-31 14:40:26,026]  INFO {org.wso2.carbon.server.util.PatchUtils} -  Patch verification started
[2014-05-31 14:40:26,184]  INFO {org.wso2.carbon.server.util.PatchUtils} -  Patch verification successfully completed without encountering any issues
[2014-05-31 14:46:13,889]  INFO {org.wso2.carbon.server.util.PatchUtils} -  Checking for patch changes ...
[2014-05-31 14:46:13,891]  INFO {org.wso2.carbon.server.util.PatchUtils} -  No new patch or service pack detected, server will start without applying patches 
[2014-05-31 14:46:14,040]  INFO {org.wso2.carbon.server.util.PatchUtils} -  Patch verification started
[2014-05-31 14:46:14,198]  INFO {org.wso2.carbon.server.util.PatchUtils} -  Patch verification successfully completed without encountering any issues
[2014-05-31 14:52:02,723]  INFO {org.wso2.carbon.server.util.PatchUtils} -  Checking for patch changes ...
[2014-05-31 14:52:02,725]  INFO {org.wso2.carbon.server.util.PatchUtils} -  No new patch or service pack detected, server will start without applying patches 
[2014-05-31 14:52:02,873]  INFO {org.wso2.carbon.server.util.PatchUtils} -  Patch verification started
[2014-05-31 14:52:03,032]  INFO {org.wso2.carbon.server.util.PatchUtils} -  Patch verification successfully completed without encountering any issues
[2014-05-31 14:52:59,817]  INFO {org.wso2.carbon.server.util.PatchUtils} -  Checking for patch changes ...
[2014-05-31 14:52:59,818]  INFO {org.wso2.carbon.server.util.PatchUtils} -  No new patch or service pack detected, server will start without applying patches 
[2014-05-31 14:52:59,971]  INFO {org.wso2.carbon.server.util.PatchUtils} -  Patch verification started
[2014-05-31 14:53:00,129]  INFO {org.wso2.carbon.server.util.PatchUtils} -  Patch verification successfully completed without encountering any issues
[2014-05-31 14:54:22,570]  INFO {org.wso2.carbon.server.util.PatchUtils} -  Checking for patch changes ...
[2014-05-31 14:54:22,571]  INFO {org.wso2.carbon.server.util.PatchUtils} -  No new patch or service pack detected, server will start without applying patches 
[2014-05-31 14:54:22,723]  INFO {org.wso2.carbon.server.util.PatchUtils} -  Patch verification started
[2014-05-31 14:54:22,881]  INFO {org.wso2.carbon.server.util.PatchUtils} -  Patch verification successfully completed without encountering any issues
[2014-05-31 14:58:41,991]  INFO {org.wso2.carbon.server.util.PatchUtils} -  Checking for patch changes ...
[2014-05-31 14:58:41,992]  INFO {org.wso2.carbon.server.util.PatchUtils} -  No new patch or service pack detected, server will start without applying patches 
[2014-05-31 14:58:42,142]  INFO {org.wso2.carbon.server.util.PatchUtils} -  Patch verification started
[2014-05-31 14:58:42,300]  INFO {org.wso2.carbon.server.util.PatchUtils} -  Patch verification successfully completed without encountering any issues
[2014-05-31 15:01:00,700]  INFO {org.wso2.carbon.server.util.PatchUtils} -  Checking for patch changes ...
[2014-05-31 15:01:00,701]  INFO {org.wso2.carbon.server.util.PatchUtils} -  No new patch or service pack detected, server will start without applying patches 
[2014-05-31 15:01:00,850]  INFO {org.wso2.carbon.server.util.PatchUtils} -  Patch verification started
[2014-05-31 15:01:01,008]  INFO {org.wso2.carbon.server.util.PatchUtils} -  Patch verification successfully completed without encountering any issues
[2014-05-31 15:03:21,472]  INFO {org.wso2.carbon.server.util.PatchUtils} -  Checking for patch changes ...
[2014-05-31 15:03:21,474]  INFO {org.wso2.carbon.server.util.PatchUtils} -  No new patch or service pack detected, server will start without applying patches 
[2014-05-31 15:03:21,628]  INFO {org.wso2.carbon.server.util.PatchUtils} -  Patch verification started
[2014-05-31 15:03:21,787]  INFO {org.wso2.carbon.server.util.PatchUtils} -  Patch verification successfully completed without encountering any issues
[2014-05-31 15:08:11,706]  INFO {org.wso2.carbon.server.util.PatchUtils} -  Checking for patch changes ...
[2014-05-31 15:08:11,707]  INFO {org.wso2.carbon.server.util.PatchUtils} -  No new patch or service pack detected, server will start without applying patches 
[2014-05-31 15:08:11,859]  INFO {org.wso2.carbon.server.util.PatchUtils} -  Patch verification started
[2014-05-31 15:08:12,017]  INFO {org.wso2.carbon.server.util.PatchUtils} -  Patch verification successfully completed without encountering any issues
[2014-05-31 15:10:07,627]  INFO {org.wso2.carbon.server.util.PatchUtils} -  Checking for patch changes ...
[2014-05-31 15:10:07,628]  INFO {org.wso2.carbon.server.util.PatchUtils} -  No new patch or service pack detected, server will start without applying patches 
[2014-05-31 15:10:07,779]  INFO {org.wso2.carbon.server.util.PatchUtils} -  Patch verification started
[2014-05-31 15:10:07,941]  INFO {org.wso2.carbon.server.util.PatchUtils} -  Patch verification successfully completed without encountering any issues
[2014-05-31 15:20:04,386]  INFO {org.wso2.carbon.server.util.PatchUtils} -  Checking for patch changes ...
[2014-05-31 15:20:04,387]  INFO {org.wso2.carbon.server.util.PatchUtils} -  No new patch or service pack detected, server will start without applying patches 
[2014-05-31 15:20:04,539]  INFO {org.wso2.carbon.server.util.PatchUtils} -  Patch verification started
[2014-05-31 15:20:04,696]  INFO {org.wso2.carbon.server.util.PatchUtils} -  Patch verification successfully completed without encountering any issues
[2014-05-31 15:21:50,792]  INFO {org.wso2.carbon.server.util.PatchUtils} -  Checking for patch changes ...
[2014-05-31 15:21:50,793]  INFO {org.wso2.carbon.server.util.PatchUtils} -  No new patch or service pack detected, server will start without applying patches 
[2014-05-31 15:21:50,948]  INFO {org.wso2.carbon.server.util.PatchUtils} -  Patch verification started
[2014-05-31 15:21:51,106]  INFO {org.wso2.carbon.server.util.PatchUtils} -  Patch verification successfully completed without encountering any issues
[2014-05-31 15:23:45,127]  INFO {org.wso2.carbon.server.util.PatchUtils} -  Checking for patch changes ...
[2014-05-31 15:23:45,128]  INFO {org.wso2.carbon.server.util.PatchUtils} -  No new patch or service pack detected, server will start without applying patches 
[2014-05-31 15:23:45,281]  INFO {org.wso2.carbon.server.util.PatchUtils} -  Patch verification started
[2014-05-31 15:23:45,438]  INFO {org.wso2.carbon.server.util.PatchUtils} -  Patch verification successfully completed without encountering any issues
[2014-05-31 15:36:54,215]  INFO {org.wso2.carbon.server.util.PatchUtils} -  Checking for patch changes ...
[2014-05-31 15:36:54,216]  INFO {org.wso2.carbon.server.util.PatchUtils} -  No new patch or service pack detected, server will start without applying patches 
[2014-05-31 15:36:54,375]  INFO {org.wso2.carbon.server.util.PatchUtils} -  Patch verification started
[2014-05-31 15:36:54,536]  INFO {org.wso2.carbon.server.util.PatchUtils} -  Patch verification successfully completed without encountering any issues
[2014-05-31 15:39:21,474]  INFO {org.wso2.carbon.server.util.PatchUtils} -  Checking for patch changes ...
[2014-05-31 15:39:21,475]  INFO {org.wso2.carbon.server.util.PatchUtils} -  No new patch or service pack detected, server will start without applying patches 
[2014-05-31 15:39:21,626]  INFO {org.wso2.carbon.server.util.PatchUtils} -  Patch verification started
[2014-05-31 15:39:21,786]  INFO {org.wso2.carbon.server.util.PatchUtils} -  Patch verification successfully completed without encountering any issues
[2014-05-31 16:29:10,107]  INFO {org.wso2.carbon.server.util.PatchUtils} -  Checking for patch changes ...
[2014-05-31 16:29:10,111]  INFO {org.wso2.carbon.server.util.PatchUtils} -  No new patch or service pack detected, server will start without applying patches 
[2014-05-31 16:29:10,283]  INFO {org.wso2.carbon.server.util.PatchUtils} -  Patch verification started
[2014-05-31 16:29:10,464]  INFO {org.wso2.carbon.server.util.PatchUtils} -  Patch verification successfully completed without encountering any issues
[2014-06-01 17:41:11,364]  INFO {org.wso2.carbon.server.util.PatchUtils} -  Checking for patch changes ...
[2014-06-01 17:41:11,366]  INFO {org.wso2.carbon.server.util.PatchUtils} -  No new patch or service pack detected, server will start without applying patches 
[2014-06-01 17:41:11,538]  INFO {org.wso2.carbon.server.util.PatchUtils} -  Patch verification started
[2014-06-01 17:41:11,720]  INFO {org.wso2.carbon.server.util.PatchUtils} -  Patch verification successfully completed without encountering any issues
[2014-06-02 09:02:51,490]  INFO {org.wso2.carbon.server.util.PatchUtils} -  Checking for patch changes ...
[2014-06-02 09:02:51,492]  INFO {org.wso2.carbon.server.util.PatchUtils} -  No new patch or service pack detected, server will start without applying patches 
[2014-06-02 09:02:51,667]  INFO {org.wso2.carbon.server.util.PatchUtils} -  Patch verification started
[2014-06-02 09:02:51,847]  INFO {org.wso2.carbon.server.util.PatchUtils} -  Patch verification successfully completed without encountering any issues
[2014-06-02 09:56:07,277]  INFO {org.wso2.carbon.server.util.PatchUtils} -  Checking for patch changes ...
[2014-06-02 09:56:07,278]  INFO {org.wso2.carbon.server.util.PatchUtils} -  No new patch or service pack detected, server will start without applying patches 
[2014-06-02 09:56:07,430]  INFO {org.wso2.carbon.server.util.PatchUtils} -  Patch verification started
[2014-06-02 09:56:07,590]  INFO {org.wso2.carbon.server.util.PatchUtils} -  Patch verification successfully completed without encountering any issues
[2014-06-02 10:09:41,723]  INFO {org.wso2.carbon.server.util.PatchUtils} -  Checking for patch changes ...
[2014-06-02 10:09:41,725]  INFO {org.wso2.carbon.server.util.PatchUtils} -  No new patch or service pack detected, server will start without applying patches 
[2014-06-02 10:09:41,897]  INFO {org.wso2.carbon.server.util.PatchUtils} -  Patch verification started
[2014-06-02 10:09:42,064]  INFO {org.wso2.carbon.server.util.PatchUtils} -  Patch verification successfully completed without encountering any issues
[2014-06-02 10:22:31,276]  INFO {org.wso2.carbon.server.util.PatchUtils} -  Checking for patch changes ...
[2014-06-02 10:22:31,277]  INFO {org.wso2.carbon.server.util.PatchUtils} -  No new patch or service pack detected, server will start without applying patches 
[2014-06-02 10:22:31,429]  INFO {org.wso2.carbon.server.util.PatchUtils} -  Patch verification started
[2014-06-02 10:22:31,589]  INFO {org.wso2.carbon.server.util.PatchUtils} -  Patch verification successfully completed without encountering any issues
[2014-06-02 10:30:33,903]  INFO {org.wso2.carbon.server.util.PatchUtils} -  Checking for patch changes ...
[2014-06-02 10:30:33,904]  INFO {org.wso2.carbon.server.util.PatchUtils} -  No new patch or service pack detected, server will start without applying patches 
[2014-06-02 10:30:34,054]  INFO {org.wso2.carbon.server.util.PatchUtils} -  Patch verification started
[2014-06-02 10:30:34,216]  INFO {org.wso2.carbon.server.util.PatchUtils} -  Patch verification successfully completed without encountering any issues
[2014-06-02 10:48:36,569]  INFO {org.wso2.carbon.server.util.PatchUtils} -  Checking for patch changes ...
[2014-06-02 10:48:36,570]  INFO {org.wso2.carbon.server.util.PatchUtils} -  No new patch or service pack detected, server will start without applying patches 
[2014-06-02 10:48:36,720]  INFO {org.wso2.carbon.server.util.PatchUtils} -  Patch verification started
[2014-06-02 10:48:36,880]  INFO {org.wso2.carbon.server.util.PatchUtils} -  Patch verification successfully completed without encountering any issues
