!SESSION 2014-06-03 15:11:34.199 -----------------------------------------------
eclipse.buildId=unknown
java.version=1.6.0_31
java.vendor=Sun Microsystems Inc.
BootLoader constants: OS=linux, ARCH=x86_64, WS=gtk, NL=en_US

!ENTRY org.wso2.carbon.mashup.javascript.hostobjects.registry 2 0 2014-06-03 15:11:34.199
!MESSAGE [SCR] Found components with duplicated names! Details: 
Component1 : Component[
	name = mashup.javascript.hostobjects.registry.dscomponent
	factory = null
	autoenable = true
	immediate = true
	implementation = org.wso2.carbon.mashup.javascript.hostobjects.registry.internal.RegistryHostObjectServiceComponent
	state = Unsatisfied
	properties = {service.pid=mashup.javascript.hostobjects.registry.dscomponent}
	serviceFactory = false
	serviceInterface = null
	references = {
		Reference[name = registry.service, interface = org.wso2.carbon.registry.core.service.RegistryService, policy = dynamic, cardinality = 1..1, target = null, bind = setRegistryService, unbind = unsetRegistryService]
	}
	located in bundle = org.wso2.carbon.mashup.javascript.hostobjects.registry_4.2.0 [261]
]
Component2: Component[
	name = mashup.javascript.hostobjects.registry.dscomponent
	factory = null
	autoenable = true
	immediate = true
	implementation = org.jaggeryjs.hostobjects.registry.internal.RegistryHostObjectServiceComponent
	state = Unsatisfied
	properties = {service.pid=mashup.javascript.hostobjects.registry.dscomponent}
	serviceFactory = false
	serviceInterface = null
	references = {
		Reference[name = registry.service, interface = org.wso2.carbon.registry.core.service.RegistryService, policy = dynamic, cardinality = 1..1, target = null, bind = setRegistryService, unbind = unsetRegistryService]
		Reference[name = user.realmservice.default, interface = org.wso2.carbon.user.core.service.RealmService, policy = dynamic, cardinality = 1..1, target = null, bind = setRealmService, unbind = unsetRealmService]
	}
	located in bundle = org.jaggeryjs.hostobjects.registry_0.9.0.ALPHA4_wso2v4 [140]
]  

!ENTRY org.wso2.carbon.registry.ws.client 2 0 2014-06-03 15:11:34.231
!MESSAGE [SCR] Found components with duplicated names! Details: 
Component1 : Component[
	name = registry.ws.client.component
	factory = null
	autoenable = true
	immediate = true
	implementation = org.wso2.carbon.registry.ws.client.internal.WSClientServiceComponent
	state = Unsatisfied
	properties = {service.pid=registry.ws.client.component}
	serviceFactory = false
	serviceInterface = null
	references = {
		Reference[name = config.context.service, interface = org.wso2.carbon.utils.ConfigurationContextService, policy = dynamic, cardinality = 1..1, target = null, bind = setConfigurationContextService, unbind = unsetConfigurationContextService]
	}
	located in bundle = org.wso2.carbon.registry.ws.client_4.2.0 [302]
]
Component2: Component[
	name = registry.ws.client.component
	factory = null
	autoenable = true
	immediate = true
	implementation = org.wso2.carbon.governance.client.internal.WSRegistrySearchComponent
	state = Unsatisfied
	properties = {service.pid=registry.ws.client.component}
	serviceFactory = false
	serviceInterface = null
	references = {
		Reference[name = config.context.service, interface = org.wso2.carbon.utils.ConfigurationContextService, policy = dynamic, cardinality = 1..1, target = null, bind = setConfigurationContextService, unbind = unsetConfigurationContextService]
	}
	located in bundle = org.wso2.carbon.governance.client_4.2.0 [216]
]  

!ENTRY org.eclipse.equinox.ds 4 0 2014-06-03 15:11:35.967
!MESSAGE [SCR] Exception while activating instance org.wso2.carbon.webapp.mgt.internal.UrlMapperServiceComponent@5b46c2cb of component org.wso2.carbon.webapp.mgt.internal.UrlMapperServiceComponent  
!STACK 0
java.lang.NoClassDefFoundError: org/wso2/carbon/url/mapper/HotUpdateService
	at java.lang.Class.getDeclaredMethods0(Native Method)
	at java.lang.Class.privateGetDeclaredMethods(Class.java:2427)
	at java.lang.Class.getDeclaredMethod(Class.java:1935)
	at org.eclipse.equinox.internal.ds.model.ServiceComponent.getMethod(ServiceComponent.java:156)
	at org.eclipse.equinox.internal.ds.model.ServiceComponent.activate(ServiceComponent.java:253)
	at org.eclipse.equinox.internal.ds.model.ServiceComponentProp.activate(ServiceComponentProp.java:146)
	at org.eclipse.equinox.internal.ds.model.ServiceComponentProp.build(ServiceComponentProp.java:347)
	at org.eclipse.equinox.internal.ds.InstanceProcess.buildComponent(InstanceProcess.java:620)
	at org.eclipse.equinox.internal.ds.InstanceProcess.buildComponents(InstanceProcess.java:197)
	at org.eclipse.equinox.internal.ds.Resolver.buildNewlySatisfied(Resolver.java:473)
	at org.eclipse.equinox.internal.ds.Resolver.enableComponents(Resolver.java:217)
	at org.eclipse.equinox.internal.ds.SCRManager.performWork(SCRManager.java:816)
	at org.eclipse.equinox.internal.ds.SCRManager$QueuedJob.dispatch(SCRManager.java:783)
	at org.eclipse.equinox.internal.ds.WorkThread.run(WorkThread.java:89)
	at org.eclipse.equinox.internal.util.impl.tpt.threadpool.Executor.run(Executor.java:70)
Caused by: java.lang.ClassNotFoundException: org.wso2.carbon.url.mapper.HotUpdateService
	at org.eclipse.osgi.internal.loader.BundleLoader.findClassInternal(BundleLoader.java:501)
	at org.eclipse.osgi.internal.loader.BundleLoader.findClass(BundleLoader.java:421)
	at org.eclipse.osgi.internal.loader.BundleLoader.findClass(BundleLoader.java:412)
	at org.eclipse.osgi.internal.baseadaptor.DefaultClassLoader.loadClass(DefaultClassLoader.java:107)
	at java.lang.ClassLoader.loadClass(ClassLoader.java:247)
	... 15 more

!ENTRY org.eclipse.equinox.ds 4 0 2014-06-03 15:11:35.967
!MESSAGE [SCR] Exception while activating instance org.wso2.carbon.webapp.mgt.internal.UrlMapperServiceComponent@5b46c2cb of component org.wso2.carbon.webapp.mgt.internal.UrlMapperServiceComponent  
!STACK 0
java.lang.NoClassDefFoundError: org/wso2/carbon/url/mapper/HotUpdateService
	at java.lang.Class.getDeclaredMethods0(Native Method)
	at java.lang.Class.privateGetDeclaredMethods(Class.java:2427)
	at java.lang.Class.getDeclaredMethod(Class.java:1935)
	at org.eclipse.equinox.internal.ds.model.ServiceComponent.getMethod(ServiceComponent.java:156)
	at org.eclipse.equinox.internal.ds.model.ServiceComponent.activate(ServiceComponent.java:253)
	at org.eclipse.equinox.internal.ds.model.ServiceComponentProp.activate(ServiceComponentProp.java:146)
	at org.eclipse.equinox.internal.ds.model.ServiceComponentProp.build(ServiceComponentProp.java:347)
	at org.eclipse.equinox.internal.ds.InstanceProcess.buildComponent(InstanceProcess.java:620)
	at org.eclipse.equinox.internal.ds.InstanceProcess.buildComponents(InstanceProcess.java:197)
	at org.eclipse.equinox.internal.ds.Resolver.buildNewlySatisfied(Resolver.java:473)
	at org.eclipse.equinox.internal.ds.Resolver.enableComponents(Resolver.java:217)
	at org.eclipse.equinox.internal.ds.SCRManager.performWork(SCRManager.java:816)
	at org.eclipse.equinox.internal.ds.SCRManager$QueuedJob.dispatch(SCRManager.java:783)
	at org.eclipse.equinox.internal.ds.WorkThread.run(WorkThread.java:89)
	at org.eclipse.equinox.internal.util.impl.tpt.threadpool.Executor.run(Executor.java:70)
Caused by: java.lang.ClassNotFoundException: org.wso2.carbon.url.mapper.HotUpdateService
	at org.eclipse.osgi.internal.loader.BundleLoader.findClassInternal(BundleLoader.java:501)
	at org.eclipse.osgi.internal.loader.BundleLoader.findClass(BundleLoader.java:421)
	at org.eclipse.osgi.internal.loader.BundleLoader.findClass(BundleLoader.java:412)
	at org.eclipse.osgi.internal.baseadaptor.DefaultClassLoader.loadClass(DefaultClassLoader.java:107)
	at java.lang.ClassLoader.loadClass(ClassLoader.java:247)
	... 15 more

!ENTRY org.wso2.carbon.server.admin 4 0 2014-06-03 15:30:21.688
!MESSAGE [SCR] Exception occurred while unbinding reference Reference[name = config.context.service, interface = org.wso2.carbon.utils.ConfigurationContextService, policy = dynamic, cardinality = 1..1, target = null, bind = setConfigurationContextService, unbind = unsetConfigurationContextService]
	Details:
	Problematic reference = Reference[name = config.context.service, interface = org.wso2.carbon.utils.ConfigurationContextService, policy = dynamic, cardinality = 1..1, target = null, bind = setConfigurationContextService, unbind = unsetConfigurationContextService]
	of service component = serveradmin.service.component
	component implementation class = org.wso2.carbon.server.admin.internal.ServerAdminServiceComponent
	located in bundle with symbolic name = org.wso2.carbon.server.admin
	bundle location = reference:file:../plugins/org.wso2.carbon.server.admin_4.2.0.jar
!STACK 0
java.lang.reflect.InvocationTargetException
	at sun.reflect.NativeMethodAccessorImpl.invoke0(Native Method)
	at sun.reflect.NativeMethodAccessorImpl.invoke(NativeMethodAccessorImpl.java:39)
	at sun.reflect.DelegatingMethodAccessorImpl.invoke(DelegatingMethodAccessorImpl.java:25)
	at java.lang.reflect.Method.invoke(Method.java:597)
	at org.eclipse.equinox.internal.ds.model.ComponentReference.unbind(ComponentReference.java:476)
	at org.eclipse.equinox.internal.ds.model.ServiceComponentProp.unbindReference(ServiceComponentProp.java:619)
	at org.eclipse.equinox.internal.ds.model.ServiceComponentProp.unbind(ServiceComponentProp.java:264)
	at org.eclipse.equinox.internal.ds.model.ServiceComponentProp.dispose(ServiceComponentProp.java:390)
	at org.eclipse.equinox.internal.ds.model.ServiceComponentProp.dispose(ServiceComponentProp.java:102)
	at org.eclipse.equinox.internal.ds.InstanceProcess.disposeInstances(InstanceProcess.java:344)
	at org.eclipse.equinox.internal.ds.InstanceProcess.disposeInstances(InstanceProcess.java:306)
	at org.eclipse.equinox.internal.ds.Resolver.getEligible(Resolver.java:368)
	at org.eclipse.equinox.internal.ds.SCRManager.serviceChanged(SCRManager.java:222)
	at org.eclipse.osgi.internal.serviceregistry.FilteredServiceListener.serviceChanged(FilteredServiceListener.java:107)
	at org.eclipse.osgi.framework.internal.core.BundleContextImpl.dispatchEvent(BundleContextImpl.java:861)
	at org.eclipse.osgi.framework.eventmgr.EventManager.dispatchEvent(EventManager.java:230)
	at org.eclipse.osgi.framework.eventmgr.ListenerQueue.dispatchEventSynchronous(ListenerQueue.java:148)
	at org.eclipse.osgi.internal.serviceregistry.ServiceRegistry.publishServiceEventPrivileged(ServiceRegistry.java:819)
	at org.eclipse.osgi.internal.serviceregistry.ServiceRegistry.publishServiceEvent(ServiceRegistry.java:771)
	at org.eclipse.osgi.internal.serviceregistry.ServiceRegistrationImpl.unregister(ServiceRegistrationImpl.java:225)
	at org.wso2.carbon.registry.core.internal.RegistryCoreServiceComponent.deactivate(RegistryCoreServiceComponent.java:199)
	at sun.reflect.NativeMethodAccessorImpl.invoke0(Native Method)
	at sun.reflect.NativeMethodAccessorImpl.invoke(NativeMethodAccessorImpl.java:39)
	at sun.reflect.DelegatingMethodAccessorImpl.invoke(DelegatingMethodAccessorImpl.java:25)
	at java.lang.reflect.Method.invoke(Method.java:597)
	at org.eclipse.equinox.internal.ds.model.ServiceComponent.deactivate(ServiceComponent.java:387)
	at org.eclipse.equinox.internal.ds.model.ServiceComponentProp.deactivate(ServiceComponentProp.java:161)
	at org.eclipse.equinox.internal.ds.model.ServiceComponentProp.dispose(ServiceComponentProp.java:389)
	at org.eclipse.equinox.internal.ds.model.ServiceComponentProp.dispose(ServiceComponentProp.java:102)
	at org.eclipse.equinox.internal.ds.InstanceProcess.disposeInstances(InstanceProcess.java:344)
	at org.eclipse.equinox.internal.ds.InstanceProcess.disposeInstances(InstanceProcess.java:306)
	at org.eclipse.equinox.internal.ds.Resolver.disposeComponentConfigs(Resolver.java:717)
	at org.eclipse.equinox.internal.ds.Resolver.disableComponents(Resolver.java:693)
	at org.eclipse.equinox.internal.ds.SCRManager.stoppingBundle(SCRManager.java:554)
	at org.eclipse.equinox.internal.ds.SCRManager.bundleChanged(SCRManager.java:233)
	at org.eclipse.osgi.framework.internal.core.BundleContextImpl.dispatchEvent(BundleContextImpl.java:847)
	at org.eclipse.osgi.framework.eventmgr.EventManager.dispatchEvent(EventManager.java:230)
	at org.eclipse.osgi.framework.eventmgr.ListenerQueue.dispatchEventSynchronous(ListenerQueue.java:148)
	at org.eclipse.osgi.framework.internal.core.Framework.publishBundleEventPrivileged(Framework.java:1568)
	at org.eclipse.osgi.framework.internal.core.Framework.publishBundleEvent(Framework.java:1504)
	at org.eclipse.osgi.framework.internal.core.Framework.publishBundleEvent(Framework.java:1499)
	at org.eclipse.osgi.framework.internal.core.BundleHost.stopWorker(BundleHost.java:506)
	at org.eclipse.osgi.framework.internal.core.AbstractBundle.suspend(AbstractBundle.java:566)
	at org.eclipse.osgi.framework.internal.core.Framework.suspendBundle(Framework.java:1206)
	at org.eclipse.osgi.framework.internal.core.StartLevelManager.decFWSL(StartLevelManager.java:592)
	at org.eclipse.osgi.framework.internal.core.StartLevelManager.doSetStartLevel(StartLevelManager.java:257)
	at org.eclipse.osgi.framework.internal.core.StartLevelManager.shutdown(StartLevelManager.java:215)
	at org.eclipse.osgi.framework.internal.core.InternalSystemBundle.suspend(InternalSystemBundle.java:284)
	at org.eclipse.osgi.framework.internal.core.Framework.shutdown(Framework.java:692)
	at org.eclipse.osgi.framework.internal.core.Framework.close(Framework.java:600)
	at org.eclipse.core.runtime.adaptor.EclipseStarter.shutdown(EclipseStarter.java:399)
	at org.wso2.carbon.core.init.CarbonServerManager.shutdown(CarbonServerManager.java:849)
	at org.wso2.carbon.core.init.CarbonServerManager.shutdownGracefully(CarbonServerManager.java:883)
	at org.wso2.carbon.core.init.CarbonServerManager$4.run(CarbonServerManager.java:894)
Caused by: java.lang.NullPointerException
	at org.wso2.carbon.server.admin.internal.ServerAdminServiceComponent.unsetConfigurationContextService(ServerAdminServiceComponent.java:185)
	... 54 more
Root exception:
java.lang.NullPointerException
	at org.wso2.carbon.server.admin.internal.ServerAdminServiceComponent.unsetConfigurationContextService(ServerAdminServiceComponent.java:185)
	at sun.reflect.NativeMethodAccessorImpl.invoke0(Native Method)
	at sun.reflect.NativeMethodAccessorImpl.invoke(NativeMethodAccessorImpl.java:39)
	at sun.reflect.DelegatingMethodAccessorImpl.invoke(DelegatingMethodAccessorImpl.java:25)
	at java.lang.reflect.Method.invoke(Method.java:597)
	at org.eclipse.equinox.internal.ds.model.ComponentReference.unbind(ComponentReference.java:476)
	at org.eclipse.equinox.internal.ds.model.ServiceComponentProp.unbindReference(ServiceComponentProp.java:619)
	at org.eclipse.equinox.internal.ds.model.ServiceComponentProp.unbind(ServiceComponentProp.java:264)
	at org.eclipse.equinox.internal.ds.model.ServiceComponentProp.dispose(ServiceComponentProp.java:390)
	at org.eclipse.equinox.internal.ds.model.ServiceComponentProp.dispose(ServiceComponentProp.java:102)
	at org.eclipse.equinox.internal.ds.InstanceProcess.disposeInstances(InstanceProcess.java:344)
	at org.eclipse.equinox.internal.ds.InstanceProcess.disposeInstances(InstanceProcess.java:306)
	at org.eclipse.equinox.internal.ds.Resolver.getEligible(Resolver.java:368)
	at org.eclipse.equinox.internal.ds.SCRManager.serviceChanged(SCRManager.java:222)
	at org.eclipse.osgi.internal.serviceregistry.FilteredServiceListener.serviceChanged(FilteredServiceListener.java:107)
	at org.eclipse.osgi.framework.internal.core.BundleContextImpl.dispatchEvent(BundleContextImpl.java:861)
	at org.eclipse.osgi.framework.eventmgr.EventManager.dispatchEvent(EventManager.java:230)
	at org.eclipse.osgi.framework.eventmgr.ListenerQueue.dispatchEventSynchronous(ListenerQueue.java:148)
	at org.eclipse.osgi.internal.serviceregistry.ServiceRegistry.publishServiceEventPrivileged(ServiceRegistry.java:819)
	at org.eclipse.osgi.internal.serviceregistry.ServiceRegistry.publishServiceEvent(ServiceRegistry.java:771)
	at org.eclipse.osgi.internal.serviceregistry.ServiceRegistrationImpl.unregister(ServiceRegistrationImpl.java:225)
	at org.wso2.carbon.registry.core.internal.RegistryCoreServiceComponent.deactivate(RegistryCoreServiceComponent.java:199)
	at sun.reflect.NativeMethodAccessorImpl.invoke0(Native Method)
	at sun.reflect.NativeMethodAccessorImpl.invoke(NativeMethodAccessorImpl.java:39)
	at sun.reflect.DelegatingMethodAccessorImpl.invoke(DelegatingMethodAccessorImpl.java:25)
	at java.lang.reflect.Method.invoke(Method.java:597)
	at org.eclipse.equinox.internal.ds.model.ServiceComponent.deactivate(ServiceComponent.java:387)
	at org.eclipse.equinox.internal.ds.model.ServiceComponentProp.deactivate(ServiceComponentProp.java:161)
	at org.eclipse.equinox.internal.ds.model.ServiceComponentProp.dispose(ServiceComponentProp.java:389)
	at org.eclipse.equinox.internal.ds.model.ServiceComponentProp.dispose(ServiceComponentProp.java:102)
	at org.eclipse.equinox.internal.ds.InstanceProcess.disposeInstances(InstanceProcess.java:344)
	at org.eclipse.equinox.internal.ds.InstanceProcess.disposeInstances(InstanceProcess.java:306)
	at org.eclipse.equinox.internal.ds.Resolver.disposeComponentConfigs(Resolver.java:717)
	at org.eclipse.equinox.internal.ds.Resolver.disableComponents(Resolver.java:693)
	at org.eclipse.equinox.internal.ds.SCRManager.stoppingBundle(SCRManager.java:554)
	at org.eclipse.equinox.internal.ds.SCRManager.bundleChanged(SCRManager.java:233)
	at org.eclipse.osgi.framework.internal.core.BundleContextImpl.dispatchEvent(BundleContextImpl.java:847)
	at org.eclipse.osgi.framework.eventmgr.EventManager.dispatchEvent(EventManager.java:230)
	at org.eclipse.osgi.framework.eventmgr.ListenerQueue.dispatchEventSynchronous(ListenerQueue.java:148)
	at org.eclipse.osgi.framework.internal.core.Framework.publishBundleEventPrivileged(Framework.java:1568)
	at org.eclipse.osgi.framework.internal.core.Framework.publishBundleEvent(Framework.java:1504)
	at org.eclipse.osgi.framework.internal.core.Framework.publishBundleEvent(Framework.java:1499)
	at org.eclipse.osgi.framework.internal.core.BundleHost.stopWorker(BundleHost.java:506)
	at org.eclipse.osgi.framework.internal.core.AbstractBundle.suspend(AbstractBundle.java:566)
	at org.eclipse.osgi.framework.internal.core.Framework.suspendBundle(Framework.java:1206)
	at org.eclipse.osgi.framework.internal.core.StartLevelManager.decFWSL(StartLevelManager.java:592)
	at org.eclipse.osgi.framework.internal.core.StartLevelManager.doSetStartLevel(StartLevelManager.java:257)
	at org.eclipse.osgi.framework.internal.core.StartLevelManager.shutdown(StartLevelManager.java:215)
	at org.eclipse.osgi.framework.internal.core.InternalSystemBundle.suspend(InternalSystemBundle.java:284)
	at org.eclipse.osgi.framework.internal.core.Framework.shutdown(Framework.java:692)
	at org.eclipse.osgi.framework.internal.core.Framework.close(Framework.java:600)
	at org.eclipse.core.runtime.adaptor.EclipseStarter.shutdown(EclipseStarter.java:399)
	at org.wso2.carbon.core.init.CarbonServerManager.shutdown(CarbonServerManager.java:849)
	at org.wso2.carbon.core.init.CarbonServerManager.shutdownGracefully(CarbonServerManager.java:883)
	at org.wso2.carbon.core.init.CarbonServerManager$4.run(CarbonServerManager.java:894)

!ENTRY org.wso2.carbon.server.admin 4 0 2014-06-03 15:30:21.689
!MESSAGE [SCR] Exception occurred while unbinding reference Reference[name = config.context.service, interface = org.wso2.carbon.utils.ConfigurationContextService, policy = dynamic, cardinality = 1..1, target = null, bind = setConfigurationContextService, unbind = unsetConfigurationContextService]
	Details:
	Problematic reference = Reference[name = config.context.service, interface = org.wso2.carbon.utils.ConfigurationContextService, policy = dynamic, cardinality = 1..1, target = null, bind = setConfigurationContextService, unbind = unsetConfigurationContextService]
	of service component = serveradmin.service.component
	component implementation class = org.wso2.carbon.server.admin.internal.ServerAdminServiceComponent
	located in bundle with symbolic name = org.wso2.carbon.server.admin
	bundle location = reference:file:../plugins/org.wso2.carbon.server.admin_4.2.0.jar
!STACK 0
java.lang.reflect.InvocationTargetException
	at sun.reflect.NativeMethodAccessorImpl.invoke0(Native Method)
	at sun.reflect.NativeMethodAccessorImpl.invoke(NativeMethodAccessorImpl.java:39)
	at sun.reflect.DelegatingMethodAccessorImpl.invoke(DelegatingMethodAccessorImpl.java:25)
	at java.lang.reflect.Method.invoke(Method.java:597)
	at org.eclipse.equinox.internal.ds.model.ComponentReference.unbind(ComponentReference.java:476)
	at org.eclipse.equinox.internal.ds.model.ServiceComponentProp.unbindReference(ServiceComponentProp.java:619)
	at org.eclipse.equinox.internal.ds.model.ServiceComponentProp.unbind(ServiceComponentProp.java:264)
	at org.eclipse.equinox.internal.ds.model.ServiceComponentProp.dispose(ServiceComponentProp.java:390)
	at org.eclipse.equinox.internal.ds.model.ServiceComponentProp.dispose(ServiceComponentProp.java:102)
	at org.eclipse.equinox.internal.ds.InstanceProcess.disposeInstances(InstanceProcess.java:344)
	at org.eclipse.equinox.internal.ds.InstanceProcess.disposeInstances(InstanceProcess.java:306)
	at org.eclipse.equinox.internal.ds.Resolver.getEligible(Resolver.java:368)
	at org.eclipse.equinox.internal.ds.SCRManager.serviceChanged(SCRManager.java:222)
	at org.eclipse.osgi.internal.serviceregistry.FilteredServiceListener.serviceChanged(FilteredServiceListener.java:107)
	at org.eclipse.osgi.framework.internal.core.BundleContextImpl.dispatchEvent(BundleContextImpl.java:861)
	at org.eclipse.osgi.framework.eventmgr.EventManager.dispatchEvent(EventManager.java:230)
	at org.eclipse.osgi.framework.eventmgr.ListenerQueue.dispatchEventSynchronous(ListenerQueue.java:148)
	at org.eclipse.osgi.internal.serviceregistry.ServiceRegistry.publishServiceEventPrivileged(ServiceRegistry.java:819)
	at org.eclipse.osgi.internal.serviceregistry.ServiceRegistry.publishServiceEvent(ServiceRegistry.java:771)
	at org.eclipse.osgi.internal.serviceregistry.ServiceRegistrationImpl.unregister(ServiceRegistrationImpl.java:225)
	at org.wso2.carbon.registry.core.internal.RegistryCoreServiceComponent.deactivate(RegistryCoreServiceComponent.java:199)
	at sun.reflect.NativeMethodAccessorImpl.invoke0(Native Method)
	at sun.reflect.NativeMethodAccessorImpl.invoke(NativeMethodAccessorImpl.java:39)
	at sun.reflect.DelegatingMethodAccessorImpl.invoke(DelegatingMethodAccessorImpl.java:25)
	at java.lang.reflect.Method.invoke(Method.java:597)
	at org.eclipse.equinox.internal.ds.model.ServiceComponent.deactivate(ServiceComponent.java:387)
	at org.eclipse.equinox.internal.ds.model.ServiceComponentProp.deactivate(ServiceComponentProp.java:161)
	at org.eclipse.equinox.internal.ds.model.ServiceComponentProp.dispose(ServiceComponentProp.java:389)
	at org.eclipse.equinox.internal.ds.model.ServiceComponentProp.dispose(ServiceComponentProp.java:102)
	at org.eclipse.equinox.internal.ds.InstanceProcess.disposeInstances(InstanceProcess.java:344)
	at org.eclipse.equinox.internal.ds.InstanceProcess.disposeInstances(InstanceProcess.java:306)
	at org.eclipse.equinox.internal.ds.Resolver.disposeComponentConfigs(Resolver.java:717)
	at org.eclipse.equinox.internal.ds.Resolver.disableComponents(Resolver.java:693)
	at org.eclipse.equinox.internal.ds.SCRManager.stoppingBundle(SCRManager.java:554)
	at org.eclipse.equinox.internal.ds.SCRManager.bundleChanged(SCRManager.java:233)
	at org.eclipse.osgi.framework.internal.core.BundleContextImpl.dispatchEvent(BundleContextImpl.java:847)
	at org.eclipse.osgi.framework.eventmgr.EventManager.dispatchEvent(EventManager.java:230)
	at org.eclipse.osgi.framework.eventmgr.ListenerQueue.dispatchEventSynchronous(ListenerQueue.java:148)
	at org.eclipse.osgi.framework.internal.core.Framework.publishBundleEventPrivileged(Framework.java:1568)
	at org.eclipse.osgi.framework.internal.core.Framework.publishBundleEvent(Framework.java:1504)
	at org.eclipse.osgi.framework.internal.core.Framework.publishBundleEvent(Framework.java:1499)
	at org.eclipse.osgi.framework.internal.core.BundleHost.stopWorker(BundleHost.java:506)
	at org.eclipse.osgi.framework.internal.core.AbstractBundle.suspend(AbstractBundle.java:566)
	at org.eclipse.osgi.framework.internal.core.Framework.suspendBundle(Framework.java:1206)
	at org.eclipse.osgi.framework.internal.core.StartLevelManager.decFWSL(StartLevelManager.java:592)
	at org.eclipse.osgi.framework.internal.core.StartLevelManager.doSetStartLevel(StartLevelManager.java:257)
	at org.eclipse.osgi.framework.internal.core.StartLevelManager.shutdown(StartLevelManager.java:215)
	at org.eclipse.osgi.framework.internal.core.InternalSystemBundle.suspend(InternalSystemBundle.java:284)
	at org.eclipse.osgi.framework.internal.core.Framework.shutdown(Framework.java:692)
	at org.eclipse.osgi.framework.internal.core.Framework.close(Framework.java:600)
	at org.eclipse.core.runtime.adaptor.EclipseStarter.shutdown(EclipseStarter.java:399)
	at org.wso2.carbon.core.init.CarbonServerManager.shutdown(CarbonServerManager.java:849)
	at org.wso2.carbon.core.init.CarbonServerManager.shutdownGracefully(CarbonServerManager.java:883)
	at org.wso2.carbon.core.init.CarbonServerManager$4.run(CarbonServerManager.java:894)
Caused by: java.lang.NullPointerException
	at org.wso2.carbon.server.admin.internal.ServerAdminServiceComponent.unsetConfigurationContextService(ServerAdminServiceComponent.java:185)
	... 54 more
Root exception:
java.lang.NullPointerException
	at org.wso2.carbon.server.admin.internal.ServerAdminServiceComponent.unsetConfigurationContextService(ServerAdminServiceComponent.java:185)
	at sun.reflect.NativeMethodAccessorImpl.invoke0(Native Method)
	at sun.reflect.NativeMethodAccessorImpl.invoke(NativeMethodAccessorImpl.java:39)
	at sun.reflect.DelegatingMethodAccessorImpl.invoke(DelegatingMethodAccessorImpl.java:25)
	at java.lang.reflect.Method.invoke(Method.java:597)
	at org.eclipse.equinox.internal.ds.model.ComponentReference.unbind(ComponentReference.java:476)
	at org.eclipse.equinox.internal.ds.model.ServiceComponentProp.unbindReference(ServiceComponentProp.java:619)
	at org.eclipse.equinox.internal.ds.model.ServiceComponentProp.unbind(ServiceComponentProp.java:264)
	at org.eclipse.equinox.internal.ds.model.ServiceComponentProp.dispose(ServiceComponentProp.java:390)
	at org.eclipse.equinox.internal.ds.model.ServiceComponentProp.dispose(ServiceComponentProp.java:102)
	at org.eclipse.equinox.internal.ds.InstanceProcess.disposeInstances(InstanceProcess.java:344)
	at org.eclipse.equinox.internal.ds.InstanceProcess.disposeInstances(InstanceProcess.java:306)
	at org.eclipse.equinox.internal.ds.Resolver.getEligible(Resolver.java:368)
	at org.eclipse.equinox.internal.ds.SCRManager.serviceChanged(SCRManager.java:222)
	at org.eclipse.osgi.internal.serviceregistry.FilteredServiceListener.serviceChanged(FilteredServiceListener.java:107)
	at org.eclipse.osgi.framework.internal.core.BundleContextImpl.dispatchEvent(BundleContextImpl.java:861)
	at org.eclipse.osgi.framework.eventmgr.EventManager.dispatchEvent(EventManager.java:230)
	at org.eclipse.osgi.framework.eventmgr.ListenerQueue.dispatchEventSynchronous(ListenerQueue.java:148)
	at org.eclipse.osgi.internal.serviceregistry.ServiceRegistry.publishServiceEventPrivileged(ServiceRegistry.java:819)
	at org.eclipse.osgi.internal.serviceregistry.ServiceRegistry.publishServiceEvent(ServiceRegistry.java:771)
	at org.eclipse.osgi.internal.serviceregistry.ServiceRegistrationImpl.unregister(ServiceRegistrationImpl.java:225)
	at org.wso2.carbon.registry.core.internal.RegistryCoreServiceComponent.deactivate(RegistryCoreServiceComponent.java:199)
	at sun.reflect.NativeMethodAccessorImpl.invoke0(Native Method)
	at sun.reflect.NativeMethodAccessorImpl.invoke(NativeMethodAccessorImpl.java:39)
	at sun.reflect.DelegatingMethodAccessorImpl.invoke(DelegatingMethodAccessorImpl.java:25)
	at java.lang.reflect.Method.invoke(Method.java:597)
	at org.eclipse.equinox.internal.ds.model.ServiceComponent.deactivate(ServiceComponent.java:387)
	at org.eclipse.equinox.internal.ds.model.ServiceComponentProp.deactivate(ServiceComponentProp.java:161)
	at org.eclipse.equinox.internal.ds.model.ServiceComponentProp.dispose(ServiceComponentProp.java:389)
	at org.eclipse.equinox.internal.ds.model.ServiceComponentProp.dispose(ServiceComponentProp.java:102)
	at org.eclipse.equinox.internal.ds.InstanceProcess.disposeInstances(InstanceProcess.java:344)
	at org.eclipse.equinox.internal.ds.InstanceProcess.disposeInstances(InstanceProcess.java:306)
	at org.eclipse.equinox.internal.ds.Resolver.disposeComponentConfigs(Resolver.java:717)
	at org.eclipse.equinox.internal.ds.Resolver.disableComponents(Resolver.java:693)
	at org.eclipse.equinox.internal.ds.SCRManager.stoppingBundle(SCRManager.java:554)
	at org.eclipse.equinox.internal.ds.SCRManager.bundleChanged(SCRManager.java:233)
	at org.eclipse.osgi.framework.internal.core.BundleContextImpl.dispatchEvent(BundleContextImpl.java:847)
	at org.eclipse.osgi.framework.eventmgr.EventManager.dispatchEvent(EventManager.java:230)
	at org.eclipse.osgi.framework.eventmgr.ListenerQueue.dispatchEventSynchronous(ListenerQueue.java:148)
	at org.eclipse.osgi.framework.internal.core.Framework.publishBundleEventPrivileged(Framework.java:1568)
	at org.eclipse.osgi.framework.internal.core.Framework.publishBundleEvent(Framework.java:1504)
	at org.eclipse.osgi.framework.internal.core.Framework.publishBundleEvent(Framework.java:1499)
	at org.eclipse.osgi.framework.internal.core.BundleHost.stopWorker(BundleHost.java:506)
	at org.eclipse.osgi.framework.internal.core.AbstractBundle.suspend(AbstractBundle.java:566)
	at org.eclipse.osgi.framework.internal.core.Framework.suspendBundle(Framework.java:1206)
	at org.eclipse.osgi.framework.internal.core.StartLevelManager.decFWSL(StartLevelManager.java:592)
	at org.eclipse.osgi.framework.internal.core.StartLevelManager.doSetStartLevel(StartLevelManager.java:257)
	at org.eclipse.osgi.framework.internal.core.StartLevelManager.shutdown(StartLevelManager.java:215)
	at org.eclipse.osgi.framework.internal.core.InternalSystemBundle.suspend(InternalSystemBundle.java:284)
	at org.eclipse.osgi.framework.internal.core.Framework.shutdown(Framework.java:692)
	at org.eclipse.osgi.framework.internal.core.Framework.close(Framework.java:600)
	at org.eclipse.core.runtime.adaptor.EclipseStarter.shutdown(EclipseStarter.java:399)
	at org.wso2.carbon.core.init.CarbonServerManager.shutdown(CarbonServerManager.java:849)
	at org.wso2.carbon.core.init.CarbonServerManager.shutdownGracefully(CarbonServerManager.java:883)
	at org.wso2.carbon.core.init.CarbonServerManager$4.run(CarbonServerManager.java:894)

!ENTRY org.wso2.carbon.webapp.mgt 4 0 2014-06-03 15:30:21.700
!MESSAGE [SCR] Error while attempting to deactivate instance of component Component[
	name = org.wso2.carbon.webapp.mgt.internal.UrlMapperServiceComponent
	factory = null
	autoenable = true
	immediate = true
	implementation = org.wso2.carbon.webapp.mgt.internal.UrlMapperServiceComponent
	state = Disabled
	properties = {service.pid=org.wso2.carbon.webapp.mgt.internal.UrlMapperServiceComponent}
	serviceFactory = false
	serviceInterface = null
	references = {
		Reference[name = url.mapper.service, interface = org.wso2.carbon.url.mapper.HotUpdateService, policy = dynamic, cardinality = 0..1, target = null, bind = setHotUpdateService, unbind = unsetHotUpdateService]
	}
	located in bundle = org.wso2.carbon.webapp.mgt_4.2.1 [346]
]
!STACK 0
java.lang.NoClassDefFoundError: org/wso2/carbon/url/mapper/HotUpdateService
	at java.lang.Class.getDeclaredMethods0(Native Method)
	at java.lang.Class.privateGetDeclaredMethods(Class.java:2427)
	at java.lang.Class.getDeclaredMethod(Class.java:1935)
	at org.eclipse.equinox.internal.ds.model.ServiceComponent.getMethod(ServiceComponent.java:156)
	at org.eclipse.equinox.internal.ds.model.ServiceComponent.deactivate(ServiceComponent.java:380)
	at org.eclipse.equinox.internal.ds.model.ServiceComponentProp.deactivate(ServiceComponentProp.java:161)
	at org.eclipse.equinox.internal.ds.model.ServiceComponentProp.dispose(ServiceComponentProp.java:389)
	at org.eclipse.equinox.internal.ds.model.ServiceComponentProp.dispose(ServiceComponentProp.java:102)
	at org.eclipse.equinox.internal.ds.InstanceProcess.disposeInstances(InstanceProcess.java:344)
	at org.eclipse.equinox.internal.ds.InstanceProcess.disposeInstances(InstanceProcess.java:306)
	at org.eclipse.equinox.internal.ds.Resolver.disposeComponentConfigs(Resolver.java:717)
	at org.eclipse.equinox.internal.ds.Resolver.disableComponents(Resolver.java:693)
	at org.eclipse.equinox.internal.ds.SCRManager.stoppingBundle(SCRManager.java:554)
	at org.eclipse.equinox.internal.ds.SCRManager.bundleChanged(SCRManager.java:233)
	at org.eclipse.osgi.framework.internal.core.BundleContextImpl.dispatchEvent(BundleContextImpl.java:847)
	at org.eclipse.osgi.framework.eventmgr.EventManager.dispatchEvent(EventManager.java:230)
	at org.eclipse.osgi.framework.eventmgr.ListenerQueue.dispatchEventSynchronous(ListenerQueue.java:148)
	at org.eclipse.osgi.framework.internal.core.Framework.publishBundleEventPrivileged(Framework.java:1568)
	at org.eclipse.osgi.framework.internal.core.Framework.publishBundleEvent(Framework.java:1504)
	at org.eclipse.osgi.framework.internal.core.Framework.publishBundleEvent(Framework.java:1499)
	at org.eclipse.osgi.framework.internal.core.BundleHost.stopWorker(BundleHost.java:506)
	at org.eclipse.osgi.framework.internal.core.AbstractBundle.suspend(AbstractBundle.java:566)
	at org.eclipse.osgi.framework.internal.core.Framework.suspendBundle(Framework.java:1206)
	at org.eclipse.osgi.framework.internal.core.StartLevelManager.decFWSL(StartLevelManager.java:592)
	at org.eclipse.osgi.framework.internal.core.StartLevelManager.doSetStartLevel(StartLevelManager.java:257)
	at org.eclipse.osgi.framework.internal.core.StartLevelManager.shutdown(StartLevelManager.java:215)
	at org.eclipse.osgi.framework.internal.core.InternalSystemBundle.suspend(InternalSystemBundle.java:284)
	at org.eclipse.osgi.framework.internal.core.Framework.shutdown(Framework.java:692)
	at org.eclipse.osgi.framework.internal.core.Framework.close(Framework.java:600)
	at org.eclipse.core.runtime.adaptor.EclipseStarter.shutdown(EclipseStarter.java:399)
	at org.wso2.carbon.core.init.CarbonServerManager.shutdown(CarbonServerManager.java:849)
	at org.wso2.carbon.core.init.CarbonServerManager.shutdownGracefully(CarbonServerManager.java:883)
	at org.wso2.carbon.core.init.CarbonServerManager$4.run(CarbonServerManager.java:894)
Caused by: java.lang.ClassNotFoundException: org.wso2.carbon.url.mapper.HotUpdateService
	at org.eclipse.osgi.internal.loader.BundleLoader.findClassInternal(BundleLoader.java:501)
	at org.eclipse.osgi.internal.loader.BundleLoader.findClass(BundleLoader.java:421)
	at org.eclipse.osgi.internal.loader.BundleLoader.findClass(BundleLoader.java:412)
	at org.eclipse.osgi.internal.baseadaptor.DefaultClassLoader.loadClass(DefaultClassLoader.java:107)
	at java.lang.ClassLoader.loadClass(ClassLoader.java:247)
	... 33 more

!ENTRY org.wso2.carbon.webapp.mgt 4 0 2014-06-03 15:30:21.700
!MESSAGE [SCR] Error while attempting to deactivate instance of component Component[
	name = org.wso2.carbon.webapp.mgt.internal.UrlMapperServiceComponent
	factory = null
	autoenable = true
	immediate = true
	implementation = org.wso2.carbon.webapp.mgt.internal.UrlMapperServiceComponent
	state = Disabled
	properties = {service.pid=org.wso2.carbon.webapp.mgt.internal.UrlMapperServiceComponent}
	serviceFactory = false
	serviceInterface = null
	references = {
		Reference[name = url.mapper.service, interface = org.wso2.carbon.url.mapper.HotUpdateService, policy = dynamic, cardinality = 0..1, target = null, bind = setHotUpdateService, unbind = unsetHotUpdateService]
	}
	located in bundle = org.wso2.carbon.webapp.mgt_4.2.1 [346]
]
!STACK 0
java.lang.NoClassDefFoundError: org/wso2/carbon/url/mapper/HotUpdateService
	at java.lang.Class.getDeclaredMethods0(Native Method)
	at java.lang.Class.privateGetDeclaredMethods(Class.java:2427)
	at java.lang.Class.getDeclaredMethod(Class.java:1935)
	at org.eclipse.equinox.internal.ds.model.ServiceComponent.getMethod(ServiceComponent.java:156)
	at org.eclipse.equinox.internal.ds.model.ServiceComponent.deactivate(ServiceComponent.java:380)
	at org.eclipse.equinox.internal.ds.model.ServiceComponentProp.deactivate(ServiceComponentProp.java:161)
	at org.eclipse.equinox.internal.ds.model.ServiceComponentProp.dispose(ServiceComponentProp.java:389)
	at org.eclipse.equinox.internal.ds.model.ServiceComponentProp.dispose(ServiceComponentProp.java:102)
	at org.eclipse.equinox.internal.ds.InstanceProcess.disposeInstances(InstanceProcess.java:344)
	at org.eclipse.equinox.internal.ds.InstanceProcess.disposeInstances(InstanceProcess.java:306)
	at org.eclipse.equinox.internal.ds.Resolver.disposeComponentConfigs(Resolver.java:717)
	at org.eclipse.equinox.internal.ds.Resolver.disableComponents(Resolver.java:693)
	at org.eclipse.equinox.internal.ds.SCRManager.stoppingBundle(SCRManager.java:554)
	at org.eclipse.equinox.internal.ds.SCRManager.bundleChanged(SCRManager.java:233)
	at org.eclipse.osgi.framework.internal.core.BundleContextImpl.dispatchEvent(BundleContextImpl.java:847)
	at org.eclipse.osgi.framework.eventmgr.EventManager.dispatchEvent(EventManager.java:230)
	at org.eclipse.osgi.framework.eventmgr.ListenerQueue.dispatchEventSynchronous(ListenerQueue.java:148)
	at org.eclipse.osgi.framework.internal.core.Framework.publishBundleEventPrivileged(Framework.java:1568)
	at org.eclipse.osgi.framework.internal.core.Framework.publishBundleEvent(Framework.java:1504)
	at org.eclipse.osgi.framework.internal.core.Framework.publishBundleEvent(Framework.java:1499)
	at org.eclipse.osgi.framework.internal.core.BundleHost.stopWorker(BundleHost.java:506)
	at org.eclipse.osgi.framework.internal.core.AbstractBundle.suspend(AbstractBundle.java:566)
	at org.eclipse.osgi.framework.internal.core.Framework.suspendBundle(Framework.java:1206)
	at org.eclipse.osgi.framework.internal.core.StartLevelManager.decFWSL(StartLevelManager.java:592)
	at org.eclipse.osgi.framework.internal.core.StartLevelManager.doSetStartLevel(StartLevelManager.java:257)
	at org.eclipse.osgi.framework.internal.core.StartLevelManager.shutdown(StartLevelManager.java:215)
	at org.eclipse.osgi.framework.internal.core.InternalSystemBundle.suspend(InternalSystemBundle.java:284)
	at org.eclipse.osgi.framework.internal.core.Framework.shutdown(Framework.java:692)
	at org.eclipse.osgi.framework.internal.core.Framework.close(Framework.java:600)
	at org.eclipse.core.runtime.adaptor.EclipseStarter.shutdown(EclipseStarter.java:399)
	at org.wso2.carbon.core.init.CarbonServerManager.shutdown(CarbonServerManager.java:849)
	at org.wso2.carbon.core.init.CarbonServerManager.shutdownGracefully(CarbonServerManager.java:883)
	at org.wso2.carbon.core.init.CarbonServerManager$4.run(CarbonServerManager.java:894)
Caused by: java.lang.ClassNotFoundException: org.wso2.carbon.url.mapper.HotUpdateService
	at org.eclipse.osgi.internal.loader.BundleLoader.findClassInternal(BundleLoader.java:501)
	at org.eclipse.osgi.internal.loader.BundleLoader.findClass(BundleLoader.java:421)
	at org.eclipse.osgi.internal.loader.BundleLoader.findClass(BundleLoader.java:412)
	at org.eclipse.osgi.internal.baseadaptor.DefaultClassLoader.loadClass(DefaultClassLoader.java:107)
	at java.lang.ClassLoader.loadClass(ClassLoader.java:247)
	... 33 more

!ENTRY org.wso2.carbon.webapp.mgt 4 0 2014-06-03 15:30:21.702
!MESSAGE FrameworkEvent ERROR
!STACK 0
org.osgi.framework.BundleException: Exception in org.wso2.carbon.webapp.mgt.internal.WebappManagementActivator.stop() of bundle org.wso2.carbon.webapp.mgt.
	at org.eclipse.osgi.framework.internal.core.BundleContextImpl.stop(BundleContextImpl.java:791)
	at org.eclipse.osgi.framework.internal.core.BundleHost.stopWorker(BundleHost.java:510)
	at org.eclipse.osgi.framework.internal.core.AbstractBundle.suspend(AbstractBundle.java:566)
	at org.eclipse.osgi.framework.internal.core.Framework.suspendBundle(Framework.java:1206)
	at org.eclipse.osgi.framework.internal.core.StartLevelManager.decFWSL(StartLevelManager.java:592)
	at org.eclipse.osgi.framework.internal.core.StartLevelManager.doSetStartLevel(StartLevelManager.java:257)
	at org.eclipse.osgi.framework.internal.core.StartLevelManager.shutdown(StartLevelManager.java:215)
	at org.eclipse.osgi.framework.internal.core.InternalSystemBundle.suspend(InternalSystemBundle.java:284)
	at org.eclipse.osgi.framework.internal.core.Framework.shutdown(Framework.java:692)
	at org.eclipse.osgi.framework.internal.core.Framework.close(Framework.java:600)
	at org.eclipse.core.runtime.adaptor.EclipseStarter.shutdown(EclipseStarter.java:399)
	at org.wso2.carbon.core.init.CarbonServerManager.shutdown(CarbonServerManager.java:849)
	at org.wso2.carbon.core.init.CarbonServerManager.shutdownGracefully(CarbonServerManager.java:883)
	at org.wso2.carbon.core.init.CarbonServerManager$4.run(CarbonServerManager.java:894)
Caused by: java.lang.NullPointerException
	at org.wso2.carbon.webapp.mgt.internal.WebappManagementActivator.stop(WebappManagementActivator.java:61)
	at org.eclipse.osgi.framework.internal.core.BundleContextImpl$2.run(BundleContextImpl.java:771)
	at java.security.AccessController.doPrivileged(Native Method)
	at org.eclipse.osgi.framework.internal.core.BundleContextImpl.stop(BundleContextImpl.java:764)
	... 13 more
Root exception:
java.lang.NullPointerException
	at org.wso2.carbon.webapp.mgt.internal.WebappManagementActivator.stop(WebappManagementActivator.java:61)
	at org.eclipse.osgi.framework.internal.core.BundleContextImpl$2.run(BundleContextImpl.java:771)
	at java.security.AccessController.doPrivileged(Native Method)
	at org.eclipse.osgi.framework.internal.core.BundleContextImpl.stop(BundleContextImpl.java:764)
	at org.eclipse.osgi.framework.internal.core.BundleHost.stopWorker(BundleHost.java:510)
	at org.eclipse.osgi.framework.internal.core.AbstractBundle.suspend(AbstractBundle.java:566)
	at org.eclipse.osgi.framework.internal.core.Framework.suspendBundle(Framework.java:1206)
	at org.eclipse.osgi.framework.internal.core.StartLevelManager.decFWSL(StartLevelManager.java:592)
	at org.eclipse.osgi.framework.internal.core.StartLevelManager.doSetStartLevel(StartLevelManager.java:257)
	at org.eclipse.osgi.framework.internal.core.StartLevelManager.shutdown(StartLevelManager.java:215)
	at org.eclipse.osgi.framework.internal.core.InternalSystemBundle.suspend(InternalSystemBundle.java:284)
	at org.eclipse.osgi.framework.internal.core.Framework.shutdown(Framework.java:692)
	at org.eclipse.osgi.framework.internal.core.Framework.close(Framework.java:600)
	at org.eclipse.core.runtime.adaptor.EclipseStarter.shutdown(EclipseStarter.java:399)
	at org.wso2.carbon.core.init.CarbonServerManager.shutdown(CarbonServerManager.java:849)
	at org.wso2.carbon.core.init.CarbonServerManager.shutdownGracefully(CarbonServerManager.java:883)
	at org.wso2.carbon.core.init.CarbonServerManager$4.run(CarbonServerManager.java:894)
