[2014-06-08 14:32:16,179]  INFO -  'admin@carbon.super [-1234]' logged in at [2014-06-08 14:32:16,177+0530] 
[2014-06-08 14:58:37,952]  INFO -  'AyeshaDissanayaka@carbon.super [-1234]' logged in at [2014-06-08 14:58:37,951+0530] 
[2014-06-08 15:04:14,844]  INFO -  'admin@carbon.super [-1234]' logged in at [2014-06-08 15:04:14,843+0530] 
[2014-06-08 15:07:50,174]  INFO -  'admin@carbon.super [-1234]' logged in at [2014-06-08 15:07:50,174+0530] 
[2014-06-08 15:14:13,213]  INFO -  'test123@carbon.super [-1234]' logged in at [2014-06-08 15:14:13,213+0530] 
[2014-06-08 15:14:58,021]  INFO -  'test123@carbon.super [-1234]' logged in at [2014-06-08 15:14:58,021+0530] 
[2014-06-08 15:15:14,235]  INFO -  'AyeshaDissanayaka@carbon.super [-1234]' logged in at [2014-06-08 15:15:14,234+0530] 
[2014-06-08 15:15:29,155]  INFO -  'AyeshaDissanayaka@carbon.super [-1234]' logged in at [2014-06-08 15:15:29,154+0530] 
[2014-06-08 15:15:41,200]  INFO -  'AyeshaDissanayaka@carbon.super [-1234]' logged in at [2014-06-08 15:15:41,200+0530] 
[2014-06-08 15:17:08,086]  INFO -  'AyeshaDissanayaka@carbon.super [-1234]' logged in at [2014-06-08 15:17:08,086+0530] 
[2014-06-08 15:17:51,315]  INFO -  'test123@carbon.super [-1234]' logged in at [2014-06-08 15:17:51,315+0530] 
[2014-06-08 15:19:03,560]  INFO -  'ayesha@carbon.super [-1234]' logged in at [2014-06-08 15:19:03,559+0530] 
[2014-06-08 15:19:43,159]  INFO -  'roshan@carbon.super [-1234]' logged in at [2014-06-08 15:19:43,158+0530] 
[2014-06-08 15:20:10,403]  INFO -  'roshan@carbon.super [-1234]' logged in at [2014-06-08 15:20:10,403+0530] 
[2014-06-08 15:25:04,988]  INFO -  'abcd@carbon.super [-1234]' logged in at [2014-06-08 15:25:04,988+0530] 
[2014-06-08 15:25:50,621]  INFO -  'abcd@carbon.super [-1234]' logged in at [2014-06-08 15:25:50,620+0530] 
[2014-06-08 15:27:50,195]  INFO -  'abcd@carbon.super [-1234]' logged in at [2014-06-08 15:27:50,194+0530] 
[2014-06-08 15:30:50,524]  INFO -  'test123@carbon.super [-1234]' logged in at [2014-06-08 15:30:50,524+0530] 
[2014-06-08 15:42:38,377]  INFO -  'abcd@carbon.super [-1234]' logged in at [2014-06-08 15:42:38,376+0530] 
[2014-06-08 15:43:11,855]  INFO -  'admin@carbon.super [-1234]' logged in at [2014-06-08 15:43:11,854+0530] 
[2014-06-08 15:47:10,793]  INFO -  'test123@carbon.super [-1234]' logged in at [2014-06-08 15:47:10,793+0530] 
[2014-06-08 15:47:54,463]  INFO -  'admin@carbon.super [-1234]' logged in at [2014-06-08 15:47:54,462+0530] 
[2014-06-08 15:48:50,815]  INFO -  'test123@carbon.super [-1234]' logged in at [2014-06-08 15:48:50,814+0530] 
[2014-06-08 15:53:33,810]  INFO -  'test123@carbon.super [-1234]' logged in at [2014-06-08 15:53:33,809+0530] 
[2014-06-08 15:58:56,481]  INFO -  'AyeshaDissanayaka@carbon.super [-1234]' logged in at [2014-06-08 15:58:56,480+0530] 
[2014-06-08 16:14:40,804]  INFO -  'AyeshaDissanayaka@carbon.super [-1234]' logged in at [2014-06-08 16:14:40,803+0530] 
[2014-06-08 16:15:14,210]  INFO -  'admin@carbon.super [-1234]' logged in at [2014-06-08 16:15:14,209+0530] 
[2014-06-08 16:18:03,382]  INFO -  'admin@carbon.super [-1234]' logged in at [2014-06-08 16:18:03,381+0530] 
[2014-06-13 09:18:01,489]  INFO -  'AyeshaDissanayaka@carbon.super [-1234]' logged in at [2014-06-13 09:18:01,488+0530] 
[2014-06-13 09:19:00,108]  INFO -  'admin@carbon.super [-1234]' logged in at [2014-06-13 09:19:00,107+0530] 
[2014-06-13 09:22:24,434]  INFO -  'AyeshaDissanayaka@carbon.super [-1234]' logged in at [2014-06-13 09:22:24,434+0530] 
[2014-06-13 09:23:28,126]  INFO -  'AyeshaDissanayaka@carbon.super [-1234]' logged in at [2014-06-13 09:23:28,126+0530] 
[2014-06-13 09:30:47,161]  INFO -  'AyeshaDissanayaka@carbon.super [-1234]' logged in at [2014-06-13 09:30:47,160+0530] 
[2014-06-13 09:31:30,454]  INFO -  'admin@carbon.super [-1234]' logged in at [2014-06-13 09:31:30,454+0530] 
[2014-06-13 09:40:05,432]  INFO -  'AyeshaDissanayaka@carbon.super [-1234]' logged in at [2014-06-13 09:40:05,431+0530] 
[2014-06-13 09:40:21,562]  INFO -  'admin@carbon.super [-1234]' logged in at [2014-06-13 09:40:21,562+0530] 
[2014-06-13 09:56:18,285]  INFO -  'AyeshaDissanayaka@carbon.super [-1234]' logged in at [2014-06-13 09:56:18,284+0530] 
[2014-06-13 10:02:18,490]  INFO -  'AyeshaDissanayaka@carbon.super [-1234]' logged in at [2014-06-13 10:02:18,490+0530] 
[2014-06-13 10:02:35,451]  INFO -  'admin@carbon.super [-1234]' logged in at [2014-06-13 10:02:35,450+0530] 
[2014-06-13 10:03:02,463]  INFO -  'AyeshaDissanayaka@carbon.super [-1234]' logged in at [2014-06-13 10:03:02,463+0530] 
[2014-06-13 10:05:49,363]  INFO -  'AyeshaDissanayaka@carbon.super [-1234]' logged out at [2014-06-13 10:05:49,0361] 
[2014-06-13 10:05:53,842]  INFO -  'admin@carbon.super [-1234]' logged in at [2014-06-13 10:05:53,842+0530] 
[2014-06-13 10:12:24,725]  INFO -  'AyeshaDissanayaka@carbon.super [-1234]' logged in at [2014-06-13 10:12:24,725+0530] 
[2014-06-13 10:16:54,948]  INFO -  'admin@carbon.super [-1234]' logged in at [2014-06-13 10:16:54,948+0530] 
[2014-06-13 10:23:53,636]  INFO -  'AyeshaDissanayaka@carbon.super [-1234]' logged in at [2014-06-13 10:23:53,636+0530] 
[2014-06-13 10:25:15,099]  INFO -  'admin@carbon.super [-1234]' logged in at [2014-06-13 10:25:15,098+0530] 
[2014-06-13 10:35:08,532]  INFO -  'AyeshaDissanayaka@carbon.super [-1234]' logged in at [2014-06-13 10:35:08,531+0530] 
[2014-06-13 10:37:05,366]  INFO -  'admin@carbon.super [-1234]' logged in at [2014-06-13 10:37:05,365+0530] 
[2014-06-13 10:45:02,279]  INFO -  'AyeshaDissanayaka@carbon.super [-1234]' logged in at [2014-06-13 10:45:02,278+0530] 
[2014-06-13 10:51:23,489]  INFO -  'AyeshaDissanayaka@carbon.super [-1234]' logged in at [2014-06-13 10:51:23,488+0530] 
[2014-06-13 10:52:13,841]  INFO -  'admin@carbon.super [-1234]' logged in at [2014-06-13 10:52:13,841+0530] 
[2014-06-13 11:07:40,915]  INFO -  'AyeshaDissanayaka@carbon.super [-1234]' logged in at [2014-06-13 11:07:40,914+0530] 
[2014-06-13 11:08:43,199]  INFO -  'admin@carbon.super [-1234]' logged in at [2014-06-13 11:08:43,199+0530] 
[2014-06-13 11:19:16,920]  INFO -  'AyeshaDissanayaka@carbon.super [-1234]' logged in at [2014-06-13 11:19:16,920+0530] 
[2014-06-13 11:24:21,784]  INFO -  'admin@carbon.super [-1234]' logged in at [2014-06-13 11:24:21,784+0530] 
[2014-06-13 11:31:04,372]  INFO -  'AyeshaDissanayaka@carbon.super [-1234]' logged in at [2014-06-13 11:31:04,371+0530] 
[2014-06-13 11:32:40,148]  INFO -  'AyeshaDissanayaka@carbon.super [-1234]' logged out at [2014-06-13 11:32:40,0147] 
[2014-06-13 11:32:44,089]  INFO -  'admin@carbon.super [-1234]' logged in at [2014-06-13 11:32:44,089+0530] 
[2014-06-13 11:47:02,407]  INFO -  'admin@carbon.super [-1234]' logged in at [2014-06-13 11:47:02,407+0530] 
[2014-06-13 12:01:43,960]  INFO -  'test1234@carbon.super [-1234]' logged in at [2014-06-13 12:01:43,960+0530] 
[2014-06-13 13:28:22,137]  INFO -  'test1234@carbon.super [-1234]' logged in at [2014-06-13 13:28:22,137+0530] 
[2014-06-13 13:29:00,567]  INFO -  'AyeshaDissanayaka@carbon.super [-1234]' logged in at [2014-06-13 13:29:00,566+0530] 
[2014-06-13 14:01:00,073]  INFO -  'AyeshaDissanayaka@carbon.super [-1234]' logged in at [2014-06-13 14:01:00,073+0530] 
[2014-06-13 14:17:15,766]  INFO -  'AyeshaDissanayaka@carbon.super [-1234]' logged in at [2014-06-13 14:17:15,763+0530] 
[2014-06-13 14:21:16,694]  INFO -  'AyeshaDissanayaka@carbon.super [-1234]' logged in at [2014-06-13 14:21:16,693+0530] 
[2014-06-13 14:34:00,967]  INFO -  'AyeshaDissanayaka@carbon.super [-1234]' logged in at [2014-06-13 14:34:00,966+0530] 
[2014-06-13 14:37:47,873]  INFO -  'AyeshaDissanayaka@carbon.super [-1234]' logged in at [2014-06-13 14:37:47,872+0530] 
[2014-06-13 14:48:27,089]  INFO -  'AyeshaDissanayaka@carbon.super [-1234]' logged in at [2014-06-13 14:48:27,088+0530] 
[2014-06-13 14:54:34,153]  INFO -  'AyeshaDissanayaka@carbon.super [-1234]' logged in at [2014-06-13 14:54:34,152+0530] 
